Using pre-set license
Built from '2020.3/staging' branch; Version is '2020.3.16f1 (049d6eca3c44) revision 302446'; Using compiler version '192528614'; Build Type 'Release'
OS: 'Windows 7  (6.1.0) 64bit' Language: 'ru' Physical Memory: 16301 MB
BatchMode: 1, IsHumanControllingUs: 0, StartBugReporterOnCrash: 0, Is64bit: 1, IsPro: 0

 COMMAND LINE ARGUMENTS:
C:\Program Files\Unity\Hub\Editor\2020.3.16f1\Editor\Unity.exe
-adb2
-batchMode
-noUpm
-name
AssetImportWorker0
-projectPath
D:/UnityAngarsk/Tank Scape/Tank-scapes
-logFile
Logs/AssetImportWorker0.log
-srvPort
58361
Successfully changed project path to: D:/UnityAngarsk/Tank Scape/Tank-scapes
D:/UnityAngarsk/Tank Scape/Tank-scapes
Using Asset Import Pipeline V2.
Refreshing native plugins compatible for Editor in 71.05 ms, found 2 plugins.
Preloading 0 native plugins for Editor in 0.00 ms.
Initialize engine version: 2020.3.16f1 (049d6eca3c44)
[Subsystems] Discovering subsystems at path C:/Program Files/Unity/Hub/Editor/2020.3.16f1/Editor/Data/Resources/UnitySubsystems
[Subsystems] Discovering subsystems at path D:/UnityAngarsk/Tank Scape/Tank-scapes/Assets
GfxDevice: creating device client; threaded=0
d3d11: CreateDXGIFactory2(...) not found, fallbacking to CreateDXGIFactory1(...).
d3d11: QueryInterface(IDXGIFactory5) failed (80004002).
Direct3D:
    Version:  Direct3D 11.0 [level 11.0]
    Renderer: NVIDIA GeForce GTX 1060 6GB (ID=0x1c03)
    Vendor:   
    VRAM:     6036 MB
    Driver:   27.21.14.6192
Initialize mono
Mono path[0] = 'C:/Program Files/Unity/Hub/Editor/2020.3.16f1/Editor/Data/Managed'
Mono path[1] = 'C:/Program Files/Unity/Hub/Editor/2020.3.16f1/Editor/Data/MonoBleedingEdge/lib/mono/unityjit'
Mono config path = 'C:/Program Files/Unity/Hub/Editor/2020.3.16f1/Editor/Data/MonoBleedingEdge/etc'
Using monoOptions --debugger-agent=transport=dt_socket,embedding=1,server=y,suspend=n,address=127.0.0.1:56920
Begin MonoManager ReloadAssembly
Registering precompiled unity dll's ...
Register platform support module: C:/Program Files/Unity/Hub/Editor/2020.3.16f1/Editor/Data/PlaybackEngines/WindowsStandaloneSupport/UnityEditor.WindowsStandalone.Extensions.dll
Registered in 0.001778 seconds.
Native extension for WindowsStandalone target not found
Refreshing native plugins compatible for Editor in 67.48 ms, found 2 plugins.
Preloading 0 native plugins for Editor in 0.00 ms.
Mono: successfully reloaded assembly
- Completed reload, in  5.437 seconds
Domain Reload Profiling:
	ReloadAssembly (5437ms)
		BeginReloadAssembly (333ms)
			ExecutionOrderSort (0ms)
			DisableScriptedObjects (0ms)
			BackupInstance (0ms)
			ReleaseScriptingObjects (0ms)
			CreateAndSetChildDomain (1ms)
		EndReloadAssembly (632ms)
			LoadAssemblies (331ms)
			RebuildTransferFunctionScriptingTraits (0ms)
			SetupTypeCache (217ms)
			ReleaseScriptCaches (0ms)
			RebuildScriptCaches (63ms)
			SetupLoadedEditorAssemblies (253ms)
				LogAssemblyErrors (0ms)
				InitializePlatformSupportModulesInManaged (5ms)
				SetLoadedEditorAssemblies (0ms)
				RefreshPlugins (68ms)
				BeforeProcessingInitializeOnLoad (22ms)
				ProcessInitializeOnLoadAttributes (117ms)
				ProcessInitializeOnLoadMethodAttributes (41ms)
				AfterProcessingInitializeOnLoad (0ms)
				EditorAssembliesLoaded (0ms)
			ExecutionOrderSort2 (0ms)
			AwakeInstancesAfterBackupRestoration (0ms)
Platform modules already initialized, skipping
Registering precompiled user dll's ...
Registered in 0.004692 seconds.
Begin MonoManager ReloadAssembly
Native extension for WindowsStandalone target not found
Refreshing native plugins compatible for Editor in 1.05 ms, found 2 plugins.
Preloading 0 native plugins for Editor in 0.00 ms.
Mono: successfully reloaded assembly
- Completed reload, in  1.664 seconds
Domain Reload Profiling:
	ReloadAssembly (1665ms)
		BeginReloadAssembly (207ms)
			ExecutionOrderSort (0ms)
			DisableScriptedObjects (7ms)
			BackupInstance (0ms)
			ReleaseScriptingObjects (0ms)
			CreateAndSetChildDomain (19ms)
		EndReloadAssembly (1377ms)
			LoadAssemblies (126ms)
			RebuildTransferFunctionScriptingTraits (0ms)
			SetupTypeCache (386ms)
			ReleaseScriptCaches (0ms)
			RebuildScriptCaches (69ms)
			SetupLoadedEditorAssemblies (667ms)
				LogAssemblyErrors (0ms)
				InitializePlatformSupportModulesInManaged (8ms)
				SetLoadedEditorAssemblies (1ms)
				RefreshPlugins (1ms)
				BeforeProcessingInitializeOnLoad (120ms)
				ProcessInitializeOnLoadAttributes (477ms)
				ProcessInitializeOnLoadMethodAttributes (54ms)
				AfterProcessingInitializeOnLoad (6ms)
				EditorAssembliesLoaded (0ms)
			ExecutionOrderSort2 (0ms)
			AwakeInstancesAfterBackupRestoration (9ms)
Platform modules already initialized, skipping
========================================================================
Worker process is ready to serve import requests
Launched and connected shader compiler UnityShaderCompiler.exe after 0.04 seconds
Refreshing native plugins compatible for Editor in 0.88 ms, found 2 plugins.
Preloading 0 native plugins for Editor in 0.00 ms.
Unloading 2050 Unused Serialized files (Serialized files now loaded: 0)
System memory in use before: 99.6 MB.
System memory in use after: 99.7 MB.

Unloading 58 unused Assets to reduce memory usage. Loaded Objects now: 2456.
Total: 9.964577 ms (FindLiveObjects: 0.222057 ms CreateObjectMapping: 0.196555 ms MarkObjects: 9.401348 ms  DeleteObjects: 0.140885 ms)

AssetImportParameters requested are different than current active one (requested -> active):
  custom:framework-win-MediaFoundation: 216162199b28c13a410421893ffa2e32 -> 
  custom:video-decoder-ogg-theora: a1e56fd34408186e4bbccfd4996cb3dc -> 
  custom:container-muxer-webm: aa71ff27fc2769a1b78a27578f13a17b -> 
  custom:container-demuxer-webm: 4f35f7cbe854078d1ac9338744f61a02 -> 
  custom:container-demuxer-ogg: 62fdf1f143b41e24485cea50d1cbac27 -> 
  custom:video-encoder-webm-vp8: eb34c28f22e8b96e1ab97ce403110664 -> 
  custom:video-decoder-webm-vp8: 9c59270c3fd7afecdb556c50c9e8de78 -> 
  custom:audio-decoder-ogg-vorbis: bf7c407c2cedff20999df2af8eb42d56 -> 
  custom:audio-encoder-webm-vorbis: bf7c407c2cedff20999df2af8eb42d56 -> 
========================================================================
Received Import Request.
  path: Assets/Scenes/Game.unity
  artifactKey: Guid(38599cb6ca400d8428820b42f1e53354) Importer(815301076,1909f56bfc062723c751e8b465ee728b)
Start importing Assets/Scenes/Game.unity using Guid(38599cb6ca400d8428820b42f1e53354) Importer(815301076,1909f56bfc062723c751e8b465ee728b)  -> (artifact id: '960f7d31413253b3543bca18ac6189c4') in 0.051374 seconds 
  Import took 0.063159 seconds .

========================================================================
Received Import Request.
  Time since last request: 22.653631 seconds.
  path: Assets/Scripts/Controll/Game_Controll.cs
  artifactKey: Guid(05e91fabb48ad8c4b96fad319bef355d) Importer(815301076,1909f56bfc062723c751e8b465ee728b)
Start importing Assets/Scripts/Controll/Game_Controll.cs using Guid(05e91fabb48ad8c4b96fad319bef355d) Importer(815301076,1909f56bfc062723c751e8b465ee728b)  -> (artifact id: '960de38b9eb625ee9f86d4dd3fff96c3') in 0.051797 seconds 
  Import took 0.055993 seconds .

========================================================================
Received Import Request.
  Time since last request: 3.501691 seconds.
  path: Assets/Scripts/Player/Player_bullet.cs
  artifactKey: Guid(ebf84f8fdb4d60f4e9ec7b56b7ddee22) Importer(815301076,1909f56bfc062723c751e8b465ee728b)
Start importing Assets/Scripts/Player/Player_bullet.cs using Guid(ebf84f8fdb4d60f4e9ec7b56b7ddee22) Importer(815301076,1909f56bfc062723c751e8b465ee728b)  -> (artifact id: '486ab3fb03888c2c333f68306d6a3535') in 0.001718 seconds 
  Import took 0.005696 seconds .

========================================================================
Received Import Request.
  Time since last request: 0.000499 seconds.
  path: Assets/Scripts/Player/Player_bullet.cs
  artifactKey: Guid(ebf84f8fdb4d60f4e9ec7b56b7ddee22) Importer(815301076,1909f56bfc062723c751e8b465ee728b)
Start importing Assets/Scripts/Player/Player_bullet.cs using Guid(ebf84f8fdb4d60f4e9ec7b56b7ddee22) Importer(815301076,1909f56bfc062723c751e8b465ee728b)  -> (artifact id: '486ab3fb03888c2c333f68306d6a3535') in 0.029853 seconds 
  Import took 0.033675 seconds .

========================================================================
Received Import Request.
  Time since last request: 2.850663 seconds.
  path: Assets/Scripts/Player/Player_stats.cs
  artifactKey: Guid(a9d03ddc8fa7cb04ab2dceff1f12e752) Importer(815301076,1909f56bfc062723c751e8b465ee728b)
Start importing Assets/Scripts/Player/Player_stats.cs using Guid(a9d03ddc8fa7cb04ab2dceff1f12e752) Importer(815301076,1909f56bfc062723c751e8b465ee728b)  -> (artifact id: '82de6cd4c638f0e964349e8d90af169e') in 0.001965 seconds 
  Import took 0.005844 seconds .

========================================================================
Received Import Request.
  Time since last request: 3.162918 seconds.
  path: Assets/Scripts/Player/Player_hp.cs
  artifactKey: Guid(a4d183661a89cca4da1f29bf50ffa20f) Importer(815301076,1909f56bfc062723c751e8b465ee728b)
Start importing Assets/Scripts/Player/Player_hp.cs using Guid(a4d183661a89cca4da1f29bf50ffa20f) Importer(815301076,1909f56bfc062723c751e8b465ee728b)  -> (artifact id: 'c3f28e799d569608c123e372a6e00455') in 0.001763 seconds 
  Import took 0.005805 seconds .

========================================================================
Received Import Request.
  Time since last request: 2.059035 seconds.
  path: Assets/Scripts/Player/Player_fire.cs
  artifactKey: Guid(c80d01948a1fe0f4dac3480cb3f15720) Importer(815301076,1909f56bfc062723c751e8b465ee728b)
Start importing Assets/Scripts/Player/Player_fire.cs using Guid(c80d01948a1fe0f4dac3480cb3f15720) Importer(815301076,1909f56bfc062723c751e8b465ee728b)  -> (artifact id: '80392b2bf937c32721e47e1e692dde75') in 0.001738 seconds 
  Import took 0.005652 seconds .

========================================================================
Received Import Request.
  Time since last request: 1.162806 seconds.
  path: Assets/Scripts/Player/Player_controll.cs
  artifactKey: Guid(cf4961cb5f89ad744b6060496668af16) Importer(815301076,1909f56bfc062723c751e8b465ee728b)
Start importing Assets/Scripts/Player/Player_controll.cs using Guid(cf4961cb5f89ad744b6060496668af16) Importer(815301076,1909f56bfc062723c751e8b465ee728b)  -> (artifact id: '136cf844a8ed48a7f98697b9480b984e') in 0.002007 seconds 
  Import took 0.006099 seconds .

========================================================================
Received Import Request.
  Time since last request: 0.005026 seconds.
  path: Assets/Scripts/Player/Player_controll.cs
  artifactKey: Guid(cf4961cb5f89ad744b6060496668af16) Importer(815301076,1909f56bfc062723c751e8b465ee728b)
Start importing Assets/Scripts/Player/Player_controll.cs using Guid(cf4961cb5f89ad744b6060496668af16) Importer(815301076,1909f56bfc062723c751e8b465ee728b)  -> (artifact id: '136cf844a8ed48a7f98697b9480b984e') in 0.001929 seconds 
  Import took 0.005940 seconds .

========================================================================
Received Prepare
Registering precompiled user dll's ...
Registered in 0.004269 seconds.
Begin MonoManager ReloadAssembly
Native extension for WindowsStandalone target not found
Refreshing native plugins compatible for Editor in 0.97 ms, found 2 plugins.
Preloading 0 native plugins for Editor in 0.00 ms.
Mono: successfully reloaded assembly
- Completed reload, in  1.520 seconds
Domain Reload Profiling:
	ReloadAssembly (1521ms)
		BeginReloadAssembly (125ms)
			ExecutionOrderSort (0ms)
			DisableScriptedObjects (8ms)
			BackupInstance (0ms)
			ReleaseScriptingObjects (0ms)
			CreateAndSetChildDomain (35ms)
		EndReloadAssembly (1318ms)
			LoadAssemblies (118ms)
			RebuildTransferFunctionScriptingTraits (0ms)
			SetupTypeCache (366ms)
			ReleaseScriptCaches (1ms)
			RebuildScriptCaches (55ms)
			SetupLoadedEditorAssemblies (649ms)
				LogAssemblyErrors (0ms)
				InitializePlatformSupportModulesInManaged (6ms)
				SetLoadedEditorAssemblies (1ms)
				RefreshPlugins (1ms)
				BeforeProcessingInitializeOnLoad (103ms)
				ProcessInitializeOnLoadAttributes (488ms)
				ProcessInitializeOnLoadMethodAttributes (44ms)
				AfterProcessingInitializeOnLoad (5ms)
				EditorAssembliesLoaded (0ms)
			ExecutionOrderSort2 (0ms)
			AwakeInstancesAfterBackupRestoration (9ms)
Platform modules already initialized, skipping
Refreshing native plugins compatible for Editor in 0.90 ms, found 2 plugins.
Preloading 0 native plugins for Editor in 0.00 ms.
Unloading 2019 Unused Serialized files (Serialized files now loaded: 0)
System memory in use before: 96.9 MB.
System memory in use after: 97.1 MB.

Unloading 49 unused Assets to reduce memory usage. Loaded Objects now: 2458.
Total: 8.076159 ms (FindLiveObjects: 0.228899 ms CreateObjectMapping: 0.090813 ms MarkObjects: 7.692379 ms  DeleteObjects: 0.061890 ms)

AssetImportParameters requested are different than current active one (requested -> active):
  custom:framework-win-MediaFoundation: 216162199b28c13a410421893ffa2e32 -> 
  custom:video-decoder-ogg-theora: a1e56fd34408186e4bbccfd4996cb3dc -> 
  custom:container-muxer-webm: aa71ff27fc2769a1b78a27578f13a17b -> 
  custom:container-demuxer-webm: 4f35f7cbe854078d1ac9338744f61a02 -> 
  custom:container-demuxer-ogg: 62fdf1f143b41e24485cea50d1cbac27 -> 
  custom:video-encoder-webm-vp8: eb34c28f22e8b96e1ab97ce403110664 -> 
  custom:video-decoder-webm-vp8: 9c59270c3fd7afecdb556c50c9e8de78 -> 
  custom:audio-decoder-ogg-vorbis: bf7c407c2cedff20999df2af8eb42d56 -> 
  custom:audio-encoder-webm-vorbis: bf7c407c2cedff20999df2af8eb42d56 -> 
AssetImportWorkerClient::OnTransportError - code=2 error=End of file
