Using pre-set license
Built from '2020.3/staging' branch; Version is '2020.3.16f1 (049d6eca3c44) revision 302446'; Using compiler version '192528614'; Build Type 'Release'
OS: 'Windows 7  (6.1.0) 64bit' Language: 'ru' Physical Memory: 16301 MB
BatchMode: 1, IsHumanControllingUs: 0, StartBugReporterOnCrash: 0, Is64bit: 1, IsPro: 0

 COMMAND LINE ARGUMENTS:
C:\Program Files\Unity\Hub\Editor\2020.3.16f1\Editor\Unity.exe
-adb2
-batchMode
-noUpm
-name
AssetImportWorker0
-projectPath
D:/UnityAngarsk/Tank Scape/Tank-scapes
-logFile
Logs/AssetImportWorker0.log
-srvPort
7688
Successfully changed project path to: D:/UnityAngarsk/Tank Scape/Tank-scapes
D:/UnityAngarsk/Tank Scape/Tank-scapes
Using Asset Import Pipeline V2.
Refreshing native plugins compatible for Editor in 77.10 ms, found 2 plugins.
Preloading 0 native plugins for Editor in 0.00 ms.
Initialize engine version: 2020.3.16f1 (049d6eca3c44)
[Subsystems] Discovering subsystems at path C:/Program Files/Unity/Hub/Editor/2020.3.16f1/Editor/Data/Resources/UnitySubsystems
[Subsystems] Discovering subsystems at path D:/UnityAngarsk/Tank Scape/Tank-scapes/Assets
GfxDevice: creating device client; threaded=0
d3d11: CreateDXGIFactory2(...) not found, fallbacking to CreateDXGIFactory1(...).
d3d11: QueryInterface(IDXGIFactory5) failed (80004002).
Direct3D:
    Version:  Direct3D 11.0 [level 11.0]
    Renderer: NVIDIA GeForce GTX 1060 6GB (ID=0x1c03)
    Vendor:   
    VRAM:     6036 MB
    Driver:   27.21.14.6192
Initialize mono
Mono path[0] = 'C:/Program Files/Unity/Hub/Editor/2020.3.16f1/Editor/Data/Managed'
Mono path[1] = 'C:/Program Files/Unity/Hub/Editor/2020.3.16f1/Editor/Data/MonoBleedingEdge/lib/mono/unityjit'
Mono config path = 'C:/Program Files/Unity/Hub/Editor/2020.3.16f1/Editor/Data/MonoBleedingEdge/etc'
Using monoOptions --debugger-agent=transport=dt_socket,embedding=1,server=y,suspend=n,address=127.0.0.1:56088
Begin MonoManager ReloadAssembly
Registering precompiled unity dll's ...
Register platform support module: C:/Program Files/Unity/Hub/Editor/2020.3.16f1/Editor/Data/PlaybackEngines/WindowsStandaloneSupport/UnityEditor.WindowsStandalone.Extensions.dll
Registered in 0.001570 seconds.
Native extension for WindowsStandalone target not found
Refreshing native plugins compatible for Editor in 69.77 ms, found 2 plugins.
Preloading 0 native plugins for Editor in 0.00 ms.
Mono: successfully reloaded assembly
- Completed reload, in  3.095 seconds
Domain Reload Profiling:
	ReloadAssembly (3095ms)
		BeginReloadAssembly (68ms)
			ExecutionOrderSort (0ms)
			DisableScriptedObjects (0ms)
			BackupInstance (0ms)
			ReleaseScriptingObjects (0ms)
			CreateAndSetChildDomain (1ms)
		EndReloadAssembly (578ms)
			LoadAssemblies (66ms)
			RebuildTransferFunctionScriptingTraits (0ms)
			SetupTypeCache (190ms)
			ReleaseScriptCaches (0ms)
			RebuildScriptCaches (41ms)
			SetupLoadedEditorAssemblies (259ms)
				LogAssemblyErrors (0ms)
				InitializePlatformSupportModulesInManaged (4ms)
				SetLoadedEditorAssemblies (0ms)
				RefreshPlugins (70ms)
				BeforeProcessingInitializeOnLoad (20ms)
				ProcessInitializeOnLoadAttributes (108ms)
				ProcessInitializeOnLoadMethodAttributes (57ms)
				AfterProcessingInitializeOnLoad (0ms)
				EditorAssembliesLoaded (0ms)
			ExecutionOrderSort2 (0ms)
			AwakeInstancesAfterBackupRestoration (0ms)
Platform modules already initialized, skipping
Registering precompiled user dll's ...
Registered in 0.004504 seconds.
Begin MonoManager ReloadAssembly
Native extension for WindowsStandalone target not found
Refreshing native plugins compatible for Editor in 0.98 ms, found 2 plugins.
Preloading 0 native plugins for Editor in 0.00 ms.
Mono: successfully reloaded assembly
- Completed reload, in  1.609 seconds
Domain Reload Profiling:
	ReloadAssembly (1610ms)
		BeginReloadAssembly (219ms)
			ExecutionOrderSort (0ms)
			DisableScriptedObjects (6ms)
			BackupInstance (0ms)
			ReleaseScriptingObjects (0ms)
			CreateAndSetChildDomain (18ms)
		EndReloadAssembly (1313ms)
			LoadAssemblies (136ms)
			RebuildTransferFunctionScriptingTraits (0ms)
			SetupTypeCache (372ms)
			ReleaseScriptCaches (1ms)
			RebuildScriptCaches (68ms)
			SetupLoadedEditorAssemblies (636ms)
				LogAssemblyErrors (0ms)
				InitializePlatformSupportModulesInManaged (6ms)
				SetLoadedEditorAssemblies (1ms)
				RefreshPlugins (1ms)
				BeforeProcessingInitializeOnLoad (118ms)
				ProcessInitializeOnLoadAttributes (449ms)
				ProcessInitializeOnLoadMethodAttributes (54ms)
				AfterProcessingInitializeOnLoad (6ms)
				EditorAssembliesLoaded (0ms)
			ExecutionOrderSort2 (0ms)
			AwakeInstancesAfterBackupRestoration (10ms)
Platform modules already initialized, skipping
========================================================================
Worker process is ready to serve import requests
Launched and connected shader compiler UnityShaderCompiler.exe after 0.03 seconds
Refreshing native plugins compatible for Editor in 0.82 ms, found 2 plugins.
Preloading 0 native plugins for Editor in 0.00 ms.
Unloading 2050 Unused Serialized files (Serialized files now loaded: 0)
System memory in use before: 98.8 MB.
System memory in use after: 98.9 MB.

Unloading 58 unused Assets to reduce memory usage. Loaded Objects now: 2463.
Total: 7.793145 ms (FindLiveObjects: 0.224545 ms CreateObjectMapping: 0.076196 ms MarkObjects: 7.403457 ms  DeleteObjects: 0.087081 ms)

AssetImportParameters requested are different than current active one (requested -> active):
  custom:framework-win-MediaFoundation: 216162199b28c13a410421893ffa2e32 -> 
  custom:video-decoder-ogg-theora: a1e56fd34408186e4bbccfd4996cb3dc -> 
  custom:container-muxer-webm: aa71ff27fc2769a1b78a27578f13a17b -> 
  custom:container-demuxer-webm: 4f35f7cbe854078d1ac9338744f61a02 -> 
  custom:container-demuxer-ogg: 62fdf1f143b41e24485cea50d1cbac27 -> 
  custom:video-encoder-webm-vp8: eb34c28f22e8b96e1ab97ce403110664 -> 
  custom:video-decoder-webm-vp8: 9c59270c3fd7afecdb556c50c9e8de78 -> 
  custom:audio-decoder-ogg-vorbis: bf7c407c2cedff20999df2af8eb42d56 -> 
  custom:audio-encoder-webm-vorbis: bf7c407c2cedff20999df2af8eb42d56 -> 
========================================================================
Received Import Request.
  path: Assets/Scripts/Player/Player_controll.cs
  artifactKey: Guid(cf4961cb5f89ad744b6060496668af16) Importer(815301076,1909f56bfc062723c751e8b465ee728b)
Start importing Assets/Scripts/Player/Player_controll.cs using Guid(cf4961cb5f89ad744b6060496668af16) Importer(815301076,1909f56bfc062723c751e8b465ee728b)  -> (artifact id: '00000000000000000000000000000000') in 0.049543 seconds  code(4) message(Build asset version error: assets/scripts/player/player_controll.cs in SourceAssetDB has modification time of '2021-08-26T09:09:11.8916624Z' while content on disk has modification time of '2021-08-26T09:09:16.3149154Z')
  ERROR: Build asset version error: assets/scripts/player/player_controll.cs in SourceAssetDB has modification time of '2021-08-26T09:09:11.8916624Z' while content on disk has modification time of '2021-08-26T09:09:16.3149154Z'
  Import took 0.053398 seconds .

========================================================================
Received Import Request.
  Time since last request: 0.031116 seconds.
  path: Assets/Scripts/Player/Player_controll.cs
  artifactKey: Guid(cf4961cb5f89ad744b6060496668af16) Importer(815301076,1909f56bfc062723c751e8b465ee728b)
Start importing Assets/Scripts/Player/Player_controll.cs using Guid(cf4961cb5f89ad744b6060496668af16) Importer(815301076,1909f56bfc062723c751e8b465ee728b)  -> (artifact id: '00000000000000000000000000000000') in 0.000291 seconds  code(4) message(Build asset version error: assets/scripts/player/player_controll.cs in SourceAssetDB has modification time of '2021-08-26T09:09:11.8916624Z' while content on disk has modification time of '2021-08-26T09:09:16.3149154Z')
  ERROR: Build asset version error: assets/scripts/player/player_controll.cs in SourceAssetDB has modification time of '2021-08-26T09:09:11.8916624Z' while content on disk has modification time of '2021-08-26T09:09:16.3149154Z'
  Import took 0.003928 seconds .

========================================================================
Received Import Request.
  Time since last request: 0.029633 seconds.
  path: Assets/Scripts/Player/Player_controll.cs
  artifactKey: Guid(cf4961cb5f89ad744b6060496668af16) Importer(815301076,1909f56bfc062723c751e8b465ee728b)
Start importing Assets/Scripts/Player/Player_controll.cs using Guid(cf4961cb5f89ad744b6060496668af16) Importer(815301076,1909f56bfc062723c751e8b465ee728b)  -> (artifact id: '00000000000000000000000000000000') in 0.000298 seconds  code(4) message(Build asset version error: assets/scripts/player/player_controll.cs in SourceAssetDB has modification time of '2021-08-26T09:09:11.8916624Z' while content on disk has modification time of '2021-08-26T09:09:16.3149154Z')
  ERROR: Build asset version error: assets/scripts/player/player_controll.cs in SourceAssetDB has modification time of '2021-08-26T09:09:11.8916624Z' while content on disk has modification time of '2021-08-26T09:09:16.3149154Z'
  Import took 0.004242 seconds .

========================================================================
Received Import Request.
  Time since last request: 0.029904 seconds.
  path: Assets/Scripts/Player/Player_controll.cs
  artifactKey: Guid(cf4961cb5f89ad744b6060496668af16) Importer(815301076,1909f56bfc062723c751e8b465ee728b)
Start importing Assets/Scripts/Player/Player_controll.cs using Guid(cf4961cb5f89ad744b6060496668af16) Importer(815301076,1909f56bfc062723c751e8b465ee728b)  -> (artifact id: '00000000000000000000000000000000') in 0.000265 seconds  code(4) message(Build asset version error: assets/scripts/player/player_controll.cs in SourceAssetDB has modification time of '2021-08-26T09:09:11.8916624Z' while content on disk has modification time of '2021-08-26T09:09:16.3149154Z')
  ERROR: Build asset version error: assets/scripts/player/player_controll.cs in SourceAssetDB has modification time of '2021-08-26T09:09:11.8916624Z' while content on disk has modification time of '2021-08-26T09:09:16.3149154Z'
  Import took 0.003869 seconds .

========================================================================
Received Import Request.
  Time since last request: 0.024310 seconds.
  path: Assets/Scripts/Player/Player_controll.cs
  artifactKey: Guid(cf4961cb5f89ad744b6060496668af16) Importer(815301076,1909f56bfc062723c751e8b465ee728b)
Start importing Assets/Scripts/Player/Player_controll.cs using Guid(cf4961cb5f89ad744b6060496668af16) Importer(815301076,1909f56bfc062723c751e8b465ee728b)  -> (artifact id: '00000000000000000000000000000000') in 0.000308 seconds  code(4) message(Build asset version error: assets/scripts/player/player_controll.cs in SourceAssetDB has modification time of '2021-08-26T09:09:11.8916624Z' while content on disk has modification time of '2021-08-26T09:09:16.3149154Z')
  ERROR: Build asset version error: assets/scripts/player/player_controll.cs in SourceAssetDB has modification time of '2021-08-26T09:09:11.8916624Z' while content on disk has modification time of '2021-08-26T09:09:16.3149154Z'
  Import took 0.004130 seconds .

========================================================================
Received Import Request.
  Time since last request: 0.024657 seconds.
  path: Assets/Scripts/Player/Player_controll.cs
  artifactKey: Guid(cf4961cb5f89ad744b6060496668af16) Importer(815301076,1909f56bfc062723c751e8b465ee728b)
Start importing Assets/Scripts/Player/Player_controll.cs using Guid(cf4961cb5f89ad744b6060496668af16) Importer(815301076,1909f56bfc062723c751e8b465ee728b)  -> (artifact id: '00000000000000000000000000000000') in 0.000273 seconds  code(4) message(Build asset version error: assets/scripts/player/player_controll.cs in SourceAssetDB has modification time of '2021-08-26T09:09:11.8916624Z' while content on disk has modification time of '2021-08-26T09:09:16.3149154Z')
  ERROR: Build asset version error: assets/scripts/player/player_controll.cs in SourceAssetDB has modification time of '2021-08-26T09:09:11.8916624Z' while content on disk has modification time of '2021-08-26T09:09:16.3149154Z'
  Import took 0.003966 seconds .

========================================================================
Received Import Request.
  Time since last request: 0.025033 seconds.
  path: Assets/Scripts/Player/Player_controll.cs
  artifactKey: Guid(cf4961cb5f89ad744b6060496668af16) Importer(815301076,1909f56bfc062723c751e8b465ee728b)
Start importing Assets/Scripts/Player/Player_controll.cs using Guid(cf4961cb5f89ad744b6060496668af16) Importer(815301076,1909f56bfc062723c751e8b465ee728b)  -> (artifact id: '00000000000000000000000000000000') in 0.000316 seconds  code(4) message(Build asset version error: assets/scripts/player/player_controll.cs in SourceAssetDB has modification time of '2021-08-26T09:09:11.8916624Z' while content on disk has modification time of '2021-08-26T09:09:16.3149154Z')
  ERROR: Build asset version error: assets/scripts/player/player_controll.cs in SourceAssetDB has modification time of '2021-08-26T09:09:11.8916624Z' while content on disk has modification time of '2021-08-26T09:09:16.3149154Z'
  Import took 0.004250 seconds .

========================================================================
Received Import Request.
  Time since last request: 0.031068 seconds.
  path: Assets/Scripts/Player/Player_controll.cs
  artifactKey: Guid(cf4961cb5f89ad744b6060496668af16) Importer(815301076,1909f56bfc062723c751e8b465ee728b)
Start importing Assets/Scripts/Player/Player_controll.cs using Guid(cf4961cb5f89ad744b6060496668af16) Importer(815301076,1909f56bfc062723c751e8b465ee728b)  -> (artifact id: '00000000000000000000000000000000') in 0.000278 seconds  code(4) message(Build asset version error: assets/scripts/player/player_controll.cs in SourceAssetDB has modification time of '2021-08-26T09:09:11.8916624Z' while content on disk has modification time of '2021-08-26T09:09:16.3149154Z')
  ERROR: Build asset version error: assets/scripts/player/player_controll.cs in SourceAssetDB has modification time of '2021-08-26T09:09:11.8916624Z' while content on disk has modification time of '2021-08-26T09:09:16.3149154Z'
  Import took 0.004126 seconds .

========================================================================
Received Import Request.
  Time since last request: 0.029579 seconds.
  path: Assets/Scripts/Player/Player_controll.cs
  artifactKey: Guid(cf4961cb5f89ad744b6060496668af16) Importer(815301076,1909f56bfc062723c751e8b465ee728b)
Start importing Assets/Scripts/Player/Player_controll.cs using Guid(cf4961cb5f89ad744b6060496668af16) Importer(815301076,1909f56bfc062723c751e8b465ee728b)  -> (artifact id: '00000000000000000000000000000000') in 0.000295 seconds  code(4) message(Build asset version error: assets/scripts/player/player_controll.cs in SourceAssetDB has modification time of '2021-08-26T09:09:11.8916624Z' while content on disk has modification time of '2021-08-26T09:09:16.3149154Z')
  ERROR: Build asset version error: assets/scripts/player/player_controll.cs in SourceAssetDB has modification time of '2021-08-26T09:09:11.8916624Z' while content on disk has modification time of '2021-08-26T09:09:16.3149154Z'
  Import took 0.004170 seconds .

========================================================================
Received Import Request.
  Time since last request: 0.023516 seconds.
  path: Assets/Scripts/Player/Player_controll.cs
  artifactKey: Guid(cf4961cb5f89ad744b6060496668af16) Importer(815301076,1909f56bfc062723c751e8b465ee728b)
Start importing Assets/Scripts/Player/Player_controll.cs using Guid(cf4961cb5f89ad744b6060496668af16) Importer(815301076,1909f56bfc062723c751e8b465ee728b)  -> (artifact id: '00000000000000000000000000000000') in 0.000293 seconds  code(4) message(Build asset version error: assets/scripts/player/player_controll.cs in SourceAssetDB has modification time of '2021-08-26T09:09:11.8916624Z' while content on disk has modification time of '2021-08-26T09:09:16.3149154Z')
  ERROR: Build asset version error: assets/scripts/player/player_controll.cs in SourceAssetDB has modification time of '2021-08-26T09:09:11.8916624Z' while content on disk has modification time of '2021-08-26T09:09:16.3149154Z'
  Import took 0.004239 seconds .

========================================================================
Received Import Request.
  Time since last request: 0.023598 seconds.
  path: Assets/Scripts/Player/Player_controll.cs
  artifactKey: Guid(cf4961cb5f89ad744b6060496668af16) Importer(815301076,1909f56bfc062723c751e8b465ee728b)
Start importing Assets/Scripts/Player/Player_controll.cs using Guid(cf4961cb5f89ad744b6060496668af16) Importer(815301076,1909f56bfc062723c751e8b465ee728b)  -> (artifact id: '00000000000000000000000000000000') in 0.000275 seconds  code(4) message(Build asset version error: assets/scripts/player/player_controll.cs in SourceAssetDB has modification time of '2021-08-26T09:09:11.8916624Z' while content on disk has modification time of '2021-08-26T09:09:16.3149154Z')
  ERROR: Build asset version error: assets/scripts/player/player_controll.cs in SourceAssetDB has modification time of '2021-08-26T09:09:11.8916624Z' while content on disk has modification time of '2021-08-26T09:09:16.3149154Z'
  Import took 0.003884 seconds .

========================================================================
Received Import Request.
  Time since last request: 0.027065 seconds.
  path: Assets/Scripts/Player/Player_controll.cs
  artifactKey: Guid(cf4961cb5f89ad744b6060496668af16) Importer(815301076,1909f56bfc062723c751e8b465ee728b)
Start importing Assets/Scripts/Player/Player_controll.cs using Guid(cf4961cb5f89ad744b6060496668af16) Importer(815301076,1909f56bfc062723c751e8b465ee728b)  -> (artifact id: '00000000000000000000000000000000') in 0.000275 seconds  code(4) message(Build asset version error: assets/scripts/player/player_controll.cs in SourceAssetDB has modification time of '2021-08-26T09:09:11.8916624Z' while content on disk has modification time of '2021-08-26T09:09:16.3149154Z')
  ERROR: Build asset version error: assets/scripts/player/player_controll.cs in SourceAssetDB has modification time of '2021-08-26T09:09:11.8916624Z' while content on disk has modification time of '2021-08-26T09:09:16.3149154Z'
  Import took 0.003937 seconds .

========================================================================
Received Import Request.
  Time since last request: 0.024370 seconds.
  path: Assets/Scripts/Player/Player_controll.cs
  artifactKey: Guid(cf4961cb5f89ad744b6060496668af16) Importer(815301076,1909f56bfc062723c751e8b465ee728b)
Start importing Assets/Scripts/Player/Player_controll.cs using Guid(cf4961cb5f89ad744b6060496668af16) Importer(815301076,1909f56bfc062723c751e8b465ee728b)  -> (artifact id: '00000000000000000000000000000000') in 0.000323 seconds  code(4) message(Build asset version error: assets/scripts/player/player_controll.cs in SourceAssetDB has modification time of '2021-08-26T09:09:11.8916624Z' while content on disk has modification time of '2021-08-26T09:09:16.3149154Z')
  ERROR: Build asset version error: assets/scripts/player/player_controll.cs in SourceAssetDB has modification time of '2021-08-26T09:09:11.8916624Z' while content on disk has modification time of '2021-08-26T09:09:16.3149154Z'
  Import took 0.004188 seconds .

========================================================================
Received Import Request.
  Time since last request: 0.024051 seconds.
  path: Assets/Scripts/Player/Player_controll.cs
  artifactKey: Guid(cf4961cb5f89ad744b6060496668af16) Importer(815301076,1909f56bfc062723c751e8b465ee728b)
Start importing Assets/Scripts/Player/Player_controll.cs using Guid(cf4961cb5f89ad744b6060496668af16) Importer(815301076,1909f56bfc062723c751e8b465ee728b)  -> (artifact id: '00000000000000000000000000000000') in 0.000267 seconds  code(4) message(Build asset version error: assets/scripts/player/player_controll.cs in SourceAssetDB has modification time of '2021-08-26T09:09:11.8916624Z' while content on disk has modification time of '2021-08-26T09:09:16.3149154Z')
  ERROR: Build asset version error: assets/scripts/player/player_controll.cs in SourceAssetDB has modification time of '2021-08-26T09:09:11.8916624Z' while content on disk has modification time of '2021-08-26T09:09:16.3149154Z'
  Import took 0.003856 seconds .

========================================================================
Received Import Request.
  Time since last request: 0.026873 seconds.
  path: Assets/Scripts/Player/Player_controll.cs
  artifactKey: Guid(cf4961cb5f89ad744b6060496668af16) Importer(815301076,1909f56bfc062723c751e8b465ee728b)
Start importing Assets/Scripts/Player/Player_controll.cs using Guid(cf4961cb5f89ad744b6060496668af16) Importer(815301076,1909f56bfc062723c751e8b465ee728b)  -> (artifact id: '00000000000000000000000000000000') in 0.000283 seconds  code(4) message(Build asset version error: assets/scripts/player/player_controll.cs in SourceAssetDB has modification time of '2021-08-26T09:09:11.8916624Z' while content on disk has modification time of '2021-08-26T09:09:16.3149154Z')
  ERROR: Build asset version error: assets/scripts/player/player_controll.cs in SourceAssetDB has modification time of '2021-08-26T09:09:11.8916624Z' while content on disk has modification time of '2021-08-26T09:09:16.3149154Z'
  Import took 0.003959 seconds .

========================================================================
Received Import Request.
  Time since last request: 0.023778 seconds.
  path: Assets/Scripts/Player/Player_controll.cs
  artifactKey: Guid(cf4961cb5f89ad744b6060496668af16) Importer(815301076,1909f56bfc062723c751e8b465ee728b)
Start importing Assets/Scripts/Player/Player_controll.cs using Guid(cf4961cb5f89ad744b6060496668af16) Importer(815301076,1909f56bfc062723c751e8b465ee728b)  -> (artifact id: '00000000000000000000000000000000') in 0.000270 seconds  code(4) message(Build asset version error: assets/scripts/player/player_controll.cs in SourceAssetDB has modification time of '2021-08-26T09:09:11.8916624Z' while content on disk has modification time of '2021-08-26T09:09:16.3149154Z')
  ERROR: Build asset version error: assets/scripts/player/player_controll.cs in SourceAssetDB has modification time of '2021-08-26T09:09:11.8916624Z' while content on disk has modification time of '2021-08-26T09:09:16.3149154Z'
  Import took 0.003891 seconds .

========================================================================
Received Import Request.
  Time since last request: 0.024142 seconds.
  path: Assets/Scripts/Player/Player_controll.cs
  artifactKey: Guid(cf4961cb5f89ad744b6060496668af16) Importer(815301076,1909f56bfc062723c751e8b465ee728b)
Start importing Assets/Scripts/Player/Player_controll.cs using Guid(cf4961cb5f89ad744b6060496668af16) Importer(815301076,1909f56bfc062723c751e8b465ee728b)  -> (artifact id: '00000000000000000000000000000000') in 0.000290 seconds  code(4) message(Build asset version error: assets/scripts/player/player_controll.cs in SourceAssetDB has modification time of '2021-08-26T09:09:11.8916624Z' while content on disk has modification time of '2021-08-26T09:09:16.3149154Z')
  ERROR: Build asset version error: assets/scripts/player/player_controll.cs in SourceAssetDB has modification time of '2021-08-26T09:09:11.8916624Z' while content on disk has modification time of '2021-08-26T09:09:16.3149154Z'
  Import took 0.004142 seconds .

========================================================================
Received Import Request.
  Time since last request: 0.027959 seconds.
  path: Assets/Scripts/Player/Player_controll.cs
  artifactKey: Guid(cf4961cb5f89ad744b6060496668af16) Importer(815301076,1909f56bfc062723c751e8b465ee728b)
Start importing Assets/Scripts/Player/Player_controll.cs using Guid(cf4961cb5f89ad744b6060496668af16) Importer(815301076,1909f56bfc062723c751e8b465ee728b)  -> (artifact id: '00000000000000000000000000000000') in 0.000270 seconds  code(4) message(Build asset version error: assets/scripts/player/player_controll.cs in SourceAssetDB has modification time of '2021-08-26T09:09:11.8916624Z' while content on disk has modification time of '2021-08-26T09:09:16.3149154Z')
  ERROR: Build asset version error: assets/scripts/player/player_controll.cs in SourceAssetDB has modification time of '2021-08-26T09:09:11.8916624Z' while content on disk has modification time of '2021-08-26T09:09:16.3149154Z'
  Import took 0.004050 seconds .

========================================================================
Received Import Request.
  Time since last request: 0.028241 seconds.
  path: Assets/Scripts/Player/Player_controll.cs
  artifactKey: Guid(cf4961cb5f89ad744b6060496668af16) Importer(815301076,1909f56bfc062723c751e8b465ee728b)
Start importing Assets/Scripts/Player/Player_controll.cs using Guid(cf4961cb5f89ad744b6060496668af16) Importer(815301076,1909f56bfc062723c751e8b465ee728b)  -> (artifact id: '00000000000000000000000000000000') in 0.000565 seconds  code(4) message(Build asset version error: assets/scripts/player/player_controll.cs in SourceAssetDB has modification time of '2021-08-26T09:09:11.8916624Z' while content on disk has modification time of '2021-08-26T09:09:16.3149154Z')
  ERROR: Build asset version error: assets/scripts/player/player_controll.cs in SourceAssetDB has modification time of '2021-08-26T09:09:11.8916624Z' while content on disk has modification time of '2021-08-26T09:09:16.3149154Z'
  Import took 0.010924 seconds .

========================================================================
Received Import Request.
  Time since last request: 0.026087 seconds.
  path: Assets/Scripts/Player/Player_controll.cs
  artifactKey: Guid(cf4961cb5f89ad744b6060496668af16) Importer(815301076,1909f56bfc062723c751e8b465ee728b)
Start importing Assets/Scripts/Player/Player_controll.cs using Guid(cf4961cb5f89ad744b6060496668af16) Importer(815301076,1909f56bfc062723c751e8b465ee728b)  -> (artifact id: '00000000000000000000000000000000') in 0.000279 seconds  code(4) message(Build asset version error: assets/scripts/player/player_controll.cs in SourceAssetDB has modification time of '2021-08-26T09:09:11.8916624Z' while content on disk has modification time of '2021-08-26T09:09:16.3149154Z')
  ERROR: Build asset version error: assets/scripts/player/player_controll.cs in SourceAssetDB has modification time of '2021-08-26T09:09:11.8916624Z' while content on disk has modification time of '2021-08-26T09:09:16.3149154Z'
  Import took 0.005363 seconds .

========================================================================
Received Import Request.
  Time since last request: 0.027442 seconds.
  path: Assets/Scripts/Player/Player_controll.cs
  artifactKey: Guid(cf4961cb5f89ad744b6060496668af16) Importer(815301076,1909f56bfc062723c751e8b465ee728b)
Start importing Assets/Scripts/Player/Player_controll.cs using Guid(cf4961cb5f89ad744b6060496668af16) Importer(815301076,1909f56bfc062723c751e8b465ee728b)  -> (artifact id: '00000000000000000000000000000000') in 0.000376 seconds  code(4) message(Build asset version error: assets/scripts/player/player_controll.cs in SourceAssetDB has modification time of '2021-08-26T09:09:11.8916624Z' while content on disk has modification time of '2021-08-26T09:09:16.3149154Z')
  ERROR: Build asset version error: assets/scripts/player/player_controll.cs in SourceAssetDB has modification time of '2021-08-26T09:09:11.8916624Z' while content on disk has modification time of '2021-08-26T09:09:16.3149154Z'
  Import took 0.005219 seconds .

========================================================================
Received Import Request.
  Time since last request: 0.023519 seconds.
  path: Assets/Scripts/Player/Player_controll.cs
  artifactKey: Guid(cf4961cb5f89ad744b6060496668af16) Importer(815301076,1909f56bfc062723c751e8b465ee728b)
Start importing Assets/Scripts/Player/Player_controll.cs using Guid(cf4961cb5f89ad744b6060496668af16) Importer(815301076,1909f56bfc062723c751e8b465ee728b)  -> (artifact id: '00000000000000000000000000000000') in 0.000272 seconds  code(4) message(Build asset version error: assets/scripts/player/player_controll.cs in SourceAssetDB has modification time of '2021-08-26T09:09:11.8916624Z' while content on disk has modification time of '2021-08-26T09:09:16.3149154Z')
  ERROR: Build asset version error: assets/scripts/player/player_controll.cs in SourceAssetDB has modification time of '2021-08-26T09:09:11.8916624Z' while content on disk has modification time of '2021-08-26T09:09:16.3149154Z'
  Import took 0.004011 seconds .

========================================================================
Received Import Request.
  Time since last request: 0.024215 seconds.
  path: Assets/Scripts/Player/Player_controll.cs
  artifactKey: Guid(cf4961cb5f89ad744b6060496668af16) Importer(815301076,1909f56bfc062723c751e8b465ee728b)
Start importing Assets/Scripts/Player/Player_controll.cs using Guid(cf4961cb5f89ad744b6060496668af16) Importer(815301076,1909f56bfc062723c751e8b465ee728b)  -> (artifact id: '00000000000000000000000000000000') in 0.000288 seconds  code(4) message(Build asset version error: assets/scripts/player/player_controll.cs in SourceAssetDB has modification time of '2021-08-26T09:09:11.8916624Z' while content on disk has modification time of '2021-08-26T09:09:16.3149154Z')
  ERROR: Build asset version error: assets/scripts/player/player_controll.cs in SourceAssetDB has modification time of '2021-08-26T09:09:11.8916624Z' while content on disk has modification time of '2021-08-26T09:09:16.3149154Z'
  Import took 0.004142 seconds .

========================================================================
Received Import Request.
  Time since last request: 0.025238 seconds.
  path: Assets/Scripts/Player/Player_controll.cs
  artifactKey: Guid(cf4961cb5f89ad744b6060496668af16) Importer(815301076,1909f56bfc062723c751e8b465ee728b)
Start importing Assets/Scripts/Player/Player_controll.cs using Guid(cf4961cb5f89ad744b6060496668af16) Importer(815301076,1909f56bfc062723c751e8b465ee728b)  -> (artifact id: '00000000000000000000000000000000') in 0.000318 seconds  code(4) message(Build asset version error: assets/scripts/player/player_controll.cs in SourceAssetDB has modification time of '2021-08-26T09:09:11.8916624Z' while content on disk has modification time of '2021-08-26T09:09:16.3149154Z')
  ERROR: Build asset version error: assets/scripts/player/player_controll.cs in SourceAssetDB has modification time of '2021-08-26T09:09:11.8916624Z' while content on disk has modification time of '2021-08-26T09:09:16.3149154Z'
  Import took 0.004150 seconds .

========================================================================
Received Import Request.
  Time since last request: 0.029015 seconds.
  path: Assets/Scripts/Player/Player_controll.cs
  artifactKey: Guid(cf4961cb5f89ad744b6060496668af16) Importer(815301076,1909f56bfc062723c751e8b465ee728b)
Start importing Assets/Scripts/Player/Player_controll.cs using Guid(cf4961cb5f89ad744b6060496668af16) Importer(815301076,1909f56bfc062723c751e8b465ee728b)  -> (artifact id: '00000000000000000000000000000000') in 0.000265 seconds  code(4) message(Build asset version error: assets/scripts/player/player_controll.cs in SourceAssetDB has modification time of '2021-08-26T09:09:11.8916624Z' while content on disk has modification time of '2021-08-26T09:09:16.3149154Z')
  ERROR: Build asset version error: assets/scripts/player/player_controll.cs in SourceAssetDB has modification time of '2021-08-26T09:09:11.8916624Z' while content on disk has modification time of '2021-08-26T09:09:16.3149154Z'
  Import took 0.003843 seconds .

========================================================================
Received Import Request.
  Time since last request: 0.025493 seconds.
  path: Assets/Scripts/Player/Player_controll.cs
  artifactKey: Guid(cf4961cb5f89ad744b6060496668af16) Importer(815301076,1909f56bfc062723c751e8b465ee728b)
Start importing Assets/Scripts/Player/Player_controll.cs using Guid(cf4961cb5f89ad744b6060496668af16) Importer(815301076,1909f56bfc062723c751e8b465ee728b)  -> (artifact id: '00000000000000000000000000000000') in 0.000289 seconds  code(4) message(Build asset version error: assets/scripts/player/player_controll.cs in SourceAssetDB has modification time of '2021-08-26T09:09:11.8916624Z' while content on disk has modification time of '2021-08-26T09:09:16.3149154Z')
  ERROR: Build asset version error: assets/scripts/player/player_controll.cs in SourceAssetDB has modification time of '2021-08-26T09:09:11.8916624Z' while content on disk has modification time of '2021-08-26T09:09:16.3149154Z'
  Import took 0.005036 seconds .

========================================================================
Received Import Request.
  Time since last request: 0.023781 seconds.
  path: Assets/Scripts/Player/Player_controll.cs
  artifactKey: Guid(cf4961cb5f89ad744b6060496668af16) Importer(815301076,1909f56bfc062723c751e8b465ee728b)
Start importing Assets/Scripts/Player/Player_controll.cs using Guid(cf4961cb5f89ad744b6060496668af16) Importer(815301076,1909f56bfc062723c751e8b465ee728b)  -> (artifact id: '00000000000000000000000000000000') in 0.000383 seconds  code(4) message(Build asset version error: assets/scripts/player/player_controll.cs in SourceAssetDB has modification time of '2021-08-26T09:09:11.8916624Z' while content on disk has modification time of '2021-08-26T09:09:16.3149154Z')
  ERROR: Build asset version error: assets/scripts/player/player_controll.cs in SourceAssetDB has modification time of '2021-08-26T09:09:11.8916624Z' while content on disk has modification time of '2021-08-26T09:09:16.3149154Z'
  Import took 0.004210 seconds .

========================================================================
Received Import Request.
  Time since last request: 0.029777 seconds.
  path: Assets/Scripts/Player/Player_controll.cs
  artifactKey: Guid(cf4961cb5f89ad744b6060496668af16) Importer(815301076,1909f56bfc062723c751e8b465ee728b)
Start importing Assets/Scripts/Player/Player_controll.cs using Guid(cf4961cb5f89ad744b6060496668af16) Importer(815301076,1909f56bfc062723c751e8b465ee728b)  -> (artifact id: '00000000000000000000000000000000') in 0.000287 seconds  code(4) message(Build asset version error: assets/scripts/player/player_controll.cs in SourceAssetDB has modification time of '2021-08-26T09:09:11.8916624Z' while content on disk has modification time of '2021-08-26T09:09:16.3149154Z')
  ERROR: Build asset version error: assets/scripts/player/player_controll.cs in SourceAssetDB has modification time of '2021-08-26T09:09:11.8916624Z' while content on disk has modification time of '2021-08-26T09:09:16.3149154Z'
  Import took 0.004172 seconds .

========================================================================
Received Import Request.
  Time since last request: 0.025265 seconds.
  path: Assets/Scripts/Player/Player_controll.cs
  artifactKey: Guid(cf4961cb5f89ad744b6060496668af16) Importer(815301076,1909f56bfc062723c751e8b465ee728b)
Start importing Assets/Scripts/Player/Player_controll.cs using Guid(cf4961cb5f89ad744b6060496668af16) Importer(815301076,1909f56bfc062723c751e8b465ee728b)  -> (artifact id: '00000000000000000000000000000000') in 0.000278 seconds  code(4) message(Build asset version error: assets/scripts/player/player_controll.cs in SourceAssetDB has modification time of '2021-08-26T09:09:11.8916624Z' while content on disk has modification time of '2021-08-26T09:09:16.3149154Z')
  ERROR: Build asset version error: assets/scripts/player/player_controll.cs in SourceAssetDB has modification time of '2021-08-26T09:09:11.8916624Z' while content on disk has modification time of '2021-08-26T09:09:16.3149154Z'
  Import took 0.004034 seconds .

========================================================================
Received Import Request.
  Time since last request: 0.023935 seconds.
  path: Assets/Scripts/Player/Player_controll.cs
  artifactKey: Guid(cf4961cb5f89ad744b6060496668af16) Importer(815301076,1909f56bfc062723c751e8b465ee728b)
Start importing Assets/Scripts/Player/Player_controll.cs using Guid(cf4961cb5f89ad744b6060496668af16) Importer(815301076,1909f56bfc062723c751e8b465ee728b)  -> (artifact id: '00000000000000000000000000000000') in 0.000268 seconds  code(4) message(Build asset version error: assets/scripts/player/player_controll.cs in SourceAssetDB has modification time of '2021-08-26T09:09:11.8916624Z' while content on disk has modification time of '2021-08-26T09:09:16.3149154Z')
  ERROR: Build asset version error: assets/scripts/player/player_controll.cs in SourceAssetDB has modification time of '2021-08-26T09:09:11.8916624Z' while content on disk has modification time of '2021-08-26T09:09:16.3149154Z'
  Import took 0.003907 seconds .

========================================================================
Received Import Request.
  Time since last request: 0.026917 seconds.
  path: Assets/Scripts/Player/Player_controll.cs
  artifactKey: Guid(cf4961cb5f89ad744b6060496668af16) Importer(815301076,1909f56bfc062723c751e8b465ee728b)
Start importing Assets/Scripts/Player/Player_controll.cs using Guid(cf4961cb5f89ad744b6060496668af16) Importer(815301076,1909f56bfc062723c751e8b465ee728b)  -> (artifact id: '00000000000000000000000000000000') in 0.000266 seconds  code(4) message(Build asset version error: assets/scripts/player/player_controll.cs in SourceAssetDB has modification time of '2021-08-26T09:09:11.8916624Z' while content on disk has modification time of '2021-08-26T09:09:16.3149154Z')
  ERROR: Build asset version error: assets/scripts/player/player_controll.cs in SourceAssetDB has modification time of '2021-08-26T09:09:11.8916624Z' while content on disk has modification time of '2021-08-26T09:09:16.3149154Z'
  Import took 0.003823 seconds .

========================================================================
Received Import Request.
  Time since last request: 0.023046 seconds.
  path: Assets/Scripts/Player/Player_controll.cs
  artifactKey: Guid(cf4961cb5f89ad744b6060496668af16) Importer(815301076,1909f56bfc062723c751e8b465ee728b)
Start importing Assets/Scripts/Player/Player_controll.cs using Guid(cf4961cb5f89ad744b6060496668af16) Importer(815301076,1909f56bfc062723c751e8b465ee728b)  -> (artifact id: '00000000000000000000000000000000') in 0.000266 seconds  code(4) message(Build asset version error: assets/scripts/player/player_controll.cs in SourceAssetDB has modification time of '2021-08-26T09:09:11.8916624Z' while content on disk has modification time of '2021-08-26T09:09:16.3149154Z')
  ERROR: Build asset version error: assets/scripts/player/player_controll.cs in SourceAssetDB has modification time of '2021-08-26T09:09:11.8916624Z' while content on disk has modification time of '2021-08-26T09:09:16.3149154Z'
  Import took 0.003823 seconds .

========================================================================
Received Import Request.
  Time since last request: 0.024241 seconds.
  path: Assets/Scripts/Player/Player_controll.cs
  artifactKey: Guid(cf4961cb5f89ad744b6060496668af16) Importer(815301076,1909f56bfc062723c751e8b465ee728b)
Start importing Assets/Scripts/Player/Player_controll.cs using Guid(cf4961cb5f89ad744b6060496668af16) Importer(815301076,1909f56bfc062723c751e8b465ee728b)  -> (artifact id: '00000000000000000000000000000000') in 0.000267 seconds  code(4) message(Build asset version error: assets/scripts/player/player_controll.cs in SourceAssetDB has modification time of '2021-08-26T09:09:11.8916624Z' while content on disk has modification time of '2021-08-26T09:09:16.3149154Z')
  ERROR: Build asset version error: assets/scripts/player/player_controll.cs in SourceAssetDB has modification time of '2021-08-26T09:09:11.8916624Z' while content on disk has modification time of '2021-08-26T09:09:16.3149154Z'
  Import took 0.003837 seconds .

========================================================================
Received Import Request.
  Time since last request: 0.023811 seconds.
  path: Assets/Scripts/Player/Player_controll.cs
  artifactKey: Guid(cf4961cb5f89ad744b6060496668af16) Importer(815301076,1909f56bfc062723c751e8b465ee728b)
Start importing Assets/Scripts/Player/Player_controll.cs using Guid(cf4961cb5f89ad744b6060496668af16) Importer(815301076,1909f56bfc062723c751e8b465ee728b)  -> (artifact id: '00000000000000000000000000000000') in 0.000354 seconds  code(4) message(Build asset version error: assets/scripts/player/player_controll.cs in SourceAssetDB has modification time of '2021-08-26T09:09:11.8916624Z' while content on disk has modification time of '2021-08-26T09:09:16.3149154Z')
  ERROR: Build asset version error: assets/scripts/player/player_controll.cs in SourceAssetDB has modification time of '2021-08-26T09:09:11.8916624Z' while content on disk has modification time of '2021-08-26T09:09:16.3149154Z'
  Import took 0.004259 seconds .

========================================================================
Received Import Request.
  Time since last request: 0.027777 seconds.
  path: Assets/Scripts/Player/Player_controll.cs
  artifactKey: Guid(cf4961cb5f89ad744b6060496668af16) Importer(815301076,1909f56bfc062723c751e8b465ee728b)
Start importing Assets/Scripts/Player/Player_controll.cs using Guid(cf4961cb5f89ad744b6060496668af16) Importer(815301076,1909f56bfc062723c751e8b465ee728b)  -> (artifact id: '00000000000000000000000000000000') in 0.000386 seconds  code(4) message(Build asset version error: assets/scripts/player/player_controll.cs in SourceAssetDB has modification time of '2021-08-26T09:09:11.8916624Z' while content on disk has modification time of '2021-08-26T09:09:16.3149154Z')
  ERROR: Build asset version error: assets/scripts/player/player_controll.cs in SourceAssetDB has modification time of '2021-08-26T09:09:11.8916624Z' while content on disk has modification time of '2021-08-26T09:09:16.3149154Z'
  Import took 0.004259 seconds .

========================================================================
Received Import Request.
  Time since last request: 0.023762 seconds.
  path: Assets/Scripts/Player/Player_controll.cs
  artifactKey: Guid(cf4961cb5f89ad744b6060496668af16) Importer(815301076,1909f56bfc062723c751e8b465ee728b)
Start importing Assets/Scripts/Player/Player_controll.cs using Guid(cf4961cb5f89ad744b6060496668af16) Importer(815301076,1909f56bfc062723c751e8b465ee728b)  -> (artifact id: '00000000000000000000000000000000') in 0.000360 seconds  code(4) message(Build asset version error: assets/scripts/player/player_controll.cs in SourceAssetDB has modification time of '2021-08-26T09:09:11.8916624Z' while content on disk has modification time of '2021-08-26T09:09:16.3149154Z')
  ERROR: Build asset version error: assets/scripts/player/player_controll.cs in SourceAssetDB has modification time of '2021-08-26T09:09:11.8916624Z' while content on disk has modification time of '2021-08-26T09:09:16.3149154Z'
  Import took 0.004136 seconds .

========================================================================
Received Import Request.
  Time since last request: 0.023487 seconds.
  path: Assets/Scripts/Player/Player_controll.cs
  artifactKey: Guid(cf4961cb5f89ad744b6060496668af16) Importer(815301076,1909f56bfc062723c751e8b465ee728b)
Start importing Assets/Scripts/Player/Player_controll.cs using Guid(cf4961cb5f89ad744b6060496668af16) Importer(815301076,1909f56bfc062723c751e8b465ee728b)  -> (artifact id: '00000000000000000000000000000000') in 0.000401 seconds  code(4) message(Build asset version error: assets/scripts/player/player_controll.cs in SourceAssetDB has modification time of '2021-08-26T09:09:11.8916624Z' while content on disk has modification time of '2021-08-26T09:09:16.3149154Z')
  ERROR: Build asset version error: assets/scripts/player/player_controll.cs in SourceAssetDB has modification time of '2021-08-26T09:09:11.8916624Z' while content on disk has modification time of '2021-08-26T09:09:16.3149154Z'
  Import took 0.005501 seconds .

========================================================================
Received Import Request.
  Time since last request: 0.027450 seconds.
  path: Assets/Scripts/Player/Player_controll.cs
  artifactKey: Guid(cf4961cb5f89ad744b6060496668af16) Importer(815301076,1909f56bfc062723c751e8b465ee728b)
Start importing Assets/Scripts/Player/Player_controll.cs using Guid(cf4961cb5f89ad744b6060496668af16) Importer(815301076,1909f56bfc062723c751e8b465ee728b)  -> (artifact id: '00000000000000000000000000000000') in 0.000275 seconds  code(4) message(Build asset version error: assets/scripts/player/player_controll.cs in SourceAssetDB has modification time of '2021-08-26T09:09:11.8916624Z' while content on disk has modification time of '2021-08-26T09:09:16.3149154Z')
  ERROR: Build asset version error: assets/scripts/player/player_controll.cs in SourceAssetDB has modification time of '2021-08-26T09:09:11.8916624Z' while content on disk has modification time of '2021-08-26T09:09:16.3149154Z'
  Import took 0.003841 seconds .

========================================================================
Received Import Request.
  Time since last request: 0.023195 seconds.
  path: Assets/Scripts/Player/Player_controll.cs
  artifactKey: Guid(cf4961cb5f89ad744b6060496668af16) Importer(815301076,1909f56bfc062723c751e8b465ee728b)
Start importing Assets/Scripts/Player/Player_controll.cs using Guid(cf4961cb5f89ad744b6060496668af16) Importer(815301076,1909f56bfc062723c751e8b465ee728b)  -> (artifact id: '00000000000000000000000000000000') in 0.000308 seconds  code(4) message(Build asset version error: assets/scripts/player/player_controll.cs in SourceAssetDB has modification time of '2021-08-26T09:09:11.8916624Z' while content on disk has modification time of '2021-08-26T09:09:16.3149154Z')
  ERROR: Build asset version error: assets/scripts/player/player_controll.cs in SourceAssetDB has modification time of '2021-08-26T09:09:11.8916624Z' while content on disk has modification time of '2021-08-26T09:09:16.3149154Z'
  Import took 0.004214 seconds .

========================================================================
Received Import Request.
  Time since last request: 0.025770 seconds.
  path: Assets/Scripts/Player/Player_controll.cs
  artifactKey: Guid(cf4961cb5f89ad744b6060496668af16) Importer(815301076,1909f56bfc062723c751e8b465ee728b)
Start importing Assets/Scripts/Player/Player_controll.cs using Guid(cf4961cb5f89ad744b6060496668af16) Importer(815301076,1909f56bfc062723c751e8b465ee728b)  -> (artifact id: '00000000000000000000000000000000') in 0.000284 seconds  code(4) message(Build asset version error: assets/scripts/player/player_controll.cs in SourceAssetDB has modification time of '2021-08-26T09:09:11.8916624Z' while content on disk has modification time of '2021-08-26T09:09:16.3149154Z')
  ERROR: Build asset version error: assets/scripts/player/player_controll.cs in SourceAssetDB has modification time of '2021-08-26T09:09:11.8916624Z' while content on disk has modification time of '2021-08-26T09:09:16.3149154Z'
  Import took 0.004163 seconds .

========================================================================
Received Import Request.
  Time since last request: 0.024702 seconds.
  path: Assets/Scripts/Player/Player_controll.cs
  artifactKey: Guid(cf4961cb5f89ad744b6060496668af16) Importer(815301076,1909f56bfc062723c751e8b465ee728b)
Start importing Assets/Scripts/Player/Player_controll.cs using Guid(cf4961cb5f89ad744b6060496668af16) Importer(815301076,1909f56bfc062723c751e8b465ee728b)  -> (artifact id: '00000000000000000000000000000000') in 0.000268 seconds  code(4) message(Build asset version error: assets/scripts/player/player_controll.cs in SourceAssetDB has modification time of '2021-08-26T09:09:11.8916624Z' while content on disk has modification time of '2021-08-26T09:09:16.3149154Z')
  ERROR: Build asset version error: assets/scripts/player/player_controll.cs in SourceAssetDB has modification time of '2021-08-26T09:09:11.8916624Z' while content on disk has modification time of '2021-08-26T09:09:16.3149154Z'
  Import took 0.003928 seconds .

========================================================================
Received Import Request.
  Time since last request: 0.027571 seconds.
  path: Assets/Scripts/Player/Player_controll.cs
  artifactKey: Guid(cf4961cb5f89ad744b6060496668af16) Importer(815301076,1909f56bfc062723c751e8b465ee728b)
Start importing Assets/Scripts/Player/Player_controll.cs using Guid(cf4961cb5f89ad744b6060496668af16) Importer(815301076,1909f56bfc062723c751e8b465ee728b)  -> (artifact id: '00000000000000000000000000000000') in 0.000286 seconds  code(4) message(Build asset version error: assets/scripts/player/player_controll.cs in SourceAssetDB has modification time of '2021-08-26T09:09:11.8916624Z' while content on disk has modification time of '2021-08-26T09:09:16.3149154Z')
  ERROR: Build asset version error: assets/scripts/player/player_controll.cs in SourceAssetDB has modification time of '2021-08-26T09:09:11.8916624Z' while content on disk has modification time of '2021-08-26T09:09:16.3149154Z'
  Import took 0.004072 seconds .

========================================================================
Received Import Request.
  Time since last request: 0.024540 seconds.
  path: Assets/Scripts/Player/Player_controll.cs
  artifactKey: Guid(cf4961cb5f89ad744b6060496668af16) Importer(815301076,1909f56bfc062723c751e8b465ee728b)
Start importing Assets/Scripts/Player/Player_controll.cs using Guid(cf4961cb5f89ad744b6060496668af16) Importer(815301076,1909f56bfc062723c751e8b465ee728b)  -> (artifact id: '00000000000000000000000000000000') in 0.000264 seconds  code(4) message(Build asset version error: assets/scripts/player/player_controll.cs in SourceAssetDB has modification time of '2021-08-26T09:09:11.8916624Z' while content on disk has modification time of '2021-08-26T09:09:16.3149154Z')
  ERROR: Build asset version error: assets/scripts/player/player_controll.cs in SourceAssetDB has modification time of '2021-08-26T09:09:11.8916624Z' while content on disk has modification time of '2021-08-26T09:09:16.3149154Z'
  Import took 0.003946 seconds .

========================================================================
Received Import Request.
  Time since last request: 0.023910 seconds.
  path: Assets/Scripts/Player/Player_controll.cs
  artifactKey: Guid(cf4961cb5f89ad744b6060496668af16) Importer(815301076,1909f56bfc062723c751e8b465ee728b)
Start importing Assets/Scripts/Player/Player_controll.cs using Guid(cf4961cb5f89ad744b6060496668af16) Importer(815301076,1909f56bfc062723c751e8b465ee728b)  -> (artifact id: '00000000000000000000000000000000') in 0.000272 seconds  code(4) message(Build asset version error: assets/scripts/player/player_controll.cs in SourceAssetDB has modification time of '2021-08-26T09:09:11.8916624Z' while content on disk has modification time of '2021-08-26T09:09:16.3149154Z')
  ERROR: Build asset version error: assets/scripts/player/player_controll.cs in SourceAssetDB has modification time of '2021-08-26T09:09:11.8916624Z' while content on disk has modification time of '2021-08-26T09:09:16.3149154Z'
  Import took 0.004079 seconds .

========================================================================
Received Import Request.
  Time since last request: 0.028627 seconds.
  path: Assets/Scripts/Player/Player_controll.cs
  artifactKey: Guid(cf4961cb5f89ad744b6060496668af16) Importer(815301076,1909f56bfc062723c751e8b465ee728b)
Start importing Assets/Scripts/Player/Player_controll.cs using Guid(cf4961cb5f89ad744b6060496668af16) Importer(815301076,1909f56bfc062723c751e8b465ee728b)  -> (artifact id: '00000000000000000000000000000000') in 0.000305 seconds  code(4) message(Build asset version error: assets/scripts/player/player_controll.cs in SourceAssetDB has modification time of '2021-08-26T09:09:11.8916624Z' while content on disk has modification time of '2021-08-26T09:09:16.3149154Z')
  ERROR: Build asset version error: assets/scripts/player/player_controll.cs in SourceAssetDB has modification time of '2021-08-26T09:09:11.8916624Z' while content on disk has modification time of '2021-08-26T09:09:16.3149154Z'
  Import took 0.004279 seconds .

========================================================================
Received Import Request.
  Time since last request: 0.024055 seconds.
  path: Assets/Scripts/Player/Player_controll.cs
  artifactKey: Guid(cf4961cb5f89ad744b6060496668af16) Importer(815301076,1909f56bfc062723c751e8b465ee728b)
Start importing Assets/Scripts/Player/Player_controll.cs using Guid(cf4961cb5f89ad744b6060496668af16) Importer(815301076,1909f56bfc062723c751e8b465ee728b)  -> (artifact id: '00000000000000000000000000000000') in 0.000295 seconds  code(4) message(Build asset version error: assets/scripts/player/player_controll.cs in SourceAssetDB has modification time of '2021-08-26T09:09:11.8916624Z' while content on disk has modification time of '2021-08-26T09:09:16.3149154Z')
  ERROR: Build asset version error: assets/scripts/player/player_controll.cs in SourceAssetDB has modification time of '2021-08-26T09:09:11.8916624Z' while content on disk has modification time of '2021-08-26T09:09:16.3149154Z'
  Import took 0.004111 seconds .

========================================================================
Received Import Request.
  Time since last request: 0.023533 seconds.
  path: Assets/Scripts/Player/Player_controll.cs
  artifactKey: Guid(cf4961cb5f89ad744b6060496668af16) Importer(815301076,1909f56bfc062723c751e8b465ee728b)
Start importing Assets/Scripts/Player/Player_controll.cs using Guid(cf4961cb5f89ad744b6060496668af16) Importer(815301076,1909f56bfc062723c751e8b465ee728b)  -> (artifact id: '00000000000000000000000000000000') in 0.000296 seconds  code(4) message(Build asset version error: assets/scripts/player/player_controll.cs in SourceAssetDB has modification time of '2021-08-26T09:09:11.8916624Z' while content on disk has modification time of '2021-08-26T09:09:16.3149154Z')
  ERROR: Build asset version error: assets/scripts/player/player_controll.cs in SourceAssetDB has modification time of '2021-08-26T09:09:11.8916624Z' while content on disk has modification time of '2021-08-26T09:09:16.3149154Z'
  Import took 0.003990 seconds .

========================================================================
Received Import Request.
  Time since last request: 0.023535 seconds.
  path: Assets/Scripts/Player/Player_controll.cs
  artifactKey: Guid(cf4961cb5f89ad744b6060496668af16) Importer(815301076,1909f56bfc062723c751e8b465ee728b)
Start importing Assets/Scripts/Player/Player_controll.cs using Guid(cf4961cb5f89ad744b6060496668af16) Importer(815301076,1909f56bfc062723c751e8b465ee728b)  -> (artifact id: '00000000000000000000000000000000') in 0.000279 seconds  code(4) message(Build asset version error: assets/scripts/player/player_controll.cs in SourceAssetDB has modification time of '2021-08-26T09:09:11.8916624Z' while content on disk has modification time of '2021-08-26T09:09:16.3149154Z')
  ERROR: Build asset version error: assets/scripts/player/player_controll.cs in SourceAssetDB has modification time of '2021-08-26T09:09:11.8916624Z' while content on disk has modification time of '2021-08-26T09:09:16.3149154Z'
  Import took 0.004091 seconds .

========================================================================
Received Import Request.
  Time since last request: 0.027377 seconds.
  path: Assets/Scripts/Player/Player_controll.cs
  artifactKey: Guid(cf4961cb5f89ad744b6060496668af16) Importer(815301076,1909f56bfc062723c751e8b465ee728b)
Start importing Assets/Scripts/Player/Player_controll.cs using Guid(cf4961cb5f89ad744b6060496668af16) Importer(815301076,1909f56bfc062723c751e8b465ee728b)  -> (artifact id: '00000000000000000000000000000000') in 0.000269 seconds  code(4) message(Build asset version error: assets/scripts/player/player_controll.cs in SourceAssetDB has modification time of '2021-08-26T09:09:11.8916624Z' while content on disk has modification time of '2021-08-26T09:09:16.3149154Z')
  ERROR: Build asset version error: assets/scripts/player/player_controll.cs in SourceAssetDB has modification time of '2021-08-26T09:09:11.8916624Z' while content on disk has modification time of '2021-08-26T09:09:16.3149154Z'
  Import took 0.003827 seconds .

========================================================================
Received Import Request.
  Time since last request: 0.024938 seconds.
  path: Assets/Scripts/Player/Player_controll.cs
  artifactKey: Guid(cf4961cb5f89ad744b6060496668af16) Importer(815301076,1909f56bfc062723c751e8b465ee728b)
Start importing Assets/Scripts/Player/Player_controll.cs using Guid(cf4961cb5f89ad744b6060496668af16) Importer(815301076,1909f56bfc062723c751e8b465ee728b)  -> (artifact id: '00000000000000000000000000000000') in 0.000284 seconds  code(4) message(Build asset version error: assets/scripts/player/player_controll.cs in SourceAssetDB has modification time of '2021-08-26T09:09:11.8916624Z' while content on disk has modification time of '2021-08-26T09:09:16.3149154Z')
  ERROR: Build asset version error: assets/scripts/player/player_controll.cs in SourceAssetDB has modification time of '2021-08-26T09:09:11.8916624Z' while content on disk has modification time of '2021-08-26T09:09:16.3149154Z'
  Import took 0.004022 seconds .

========================================================================
Received Import Request.
  Time since last request: 0.023449 seconds.
  path: Assets/Scripts/Player/Player_controll.cs
  artifactKey: Guid(cf4961cb5f89ad744b6060496668af16) Importer(815301076,1909f56bfc062723c751e8b465ee728b)
Start importing Assets/Scripts/Player/Player_controll.cs using Guid(cf4961cb5f89ad744b6060496668af16) Importer(815301076,1909f56bfc062723c751e8b465ee728b)  -> (artifact id: '00000000000000000000000000000000') in 0.000293 seconds  code(4) message(Build asset version error: assets/scripts/player/player_controll.cs in SourceAssetDB has modification time of '2021-08-26T09:09:11.8916624Z' while content on disk has modification time of '2021-08-26T09:09:16.3149154Z')
  ERROR: Build asset version error: assets/scripts/player/player_controll.cs in SourceAssetDB has modification time of '2021-08-26T09:09:11.8916624Z' while content on disk has modification time of '2021-08-26T09:09:16.3149154Z'
  Import took 0.004134 seconds .

========================================================================
Received Import Request.
  Time since last request: 0.023210 seconds.
  path: Assets/Scripts/Player/Player_controll.cs
  artifactKey: Guid(cf4961cb5f89ad744b6060496668af16) Importer(815301076,1909f56bfc062723c751e8b465ee728b)
Start importing Assets/Scripts/Player/Player_controll.cs using Guid(cf4961cb5f89ad744b6060496668af16) Importer(815301076,1909f56bfc062723c751e8b465ee728b)  -> (artifact id: '00000000000000000000000000000000') in 0.000293 seconds  code(4) message(Build asset version error: assets/scripts/player/player_controll.cs in SourceAssetDB has modification time of '2021-08-26T09:09:11.8916624Z' while content on disk has modification time of '2021-08-26T09:09:16.3149154Z')
  ERROR: Build asset version error: assets/scripts/player/player_controll.cs in SourceAssetDB has modification time of '2021-08-26T09:09:11.8916624Z' while content on disk has modification time of '2021-08-26T09:09:16.3149154Z'
  Import took 0.004494 seconds .

========================================================================
Received Import Request.
  Time since last request: 0.026428 seconds.
  path: Assets/Scripts/Player/Player_controll.cs
  artifactKey: Guid(cf4961cb5f89ad744b6060496668af16) Importer(815301076,1909f56bfc062723c751e8b465ee728b)
Start importing Assets/Scripts/Player/Player_controll.cs using Guid(cf4961cb5f89ad744b6060496668af16) Importer(815301076,1909f56bfc062723c751e8b465ee728b)  -> (artifact id: '00000000000000000000000000000000') in 0.000273 seconds  code(4) message(Build asset version error: assets/scripts/player/player_controll.cs in SourceAssetDB has modification time of '2021-08-26T09:09:11.8916624Z' while content on disk has modification time of '2021-08-26T09:09:16.3149154Z')
  ERROR: Build asset version error: assets/scripts/player/player_controll.cs in SourceAssetDB has modification time of '2021-08-26T09:09:11.8916624Z' while content on disk has modification time of '2021-08-26T09:09:16.3149154Z'
  Import took 0.004049 seconds .

========================================================================
Received Import Request.
  Time since last request: 0.023723 seconds.
  path: Assets/Scripts/Player/Player_controll.cs
  artifactKey: Guid(cf4961cb5f89ad744b6060496668af16) Importer(815301076,1909f56bfc062723c751e8b465ee728b)
Start importing Assets/Scripts/Player/Player_controll.cs using Guid(cf4961cb5f89ad744b6060496668af16) Importer(815301076,1909f56bfc062723c751e8b465ee728b)  -> (artifact id: '00000000000000000000000000000000') in 0.000274 seconds  code(4) message(Build asset version error: assets/scripts/player/player_controll.cs in SourceAssetDB has modification time of '2021-08-26T09:09:11.8916624Z' while content on disk has modification time of '2021-08-26T09:09:16.3149154Z')
  ERROR: Build asset version error: assets/scripts/player/player_controll.cs in SourceAssetDB has modification time of '2021-08-26T09:09:11.8916624Z' while content on disk has modification time of '2021-08-26T09:09:16.3149154Z'
  Import took 0.004076 seconds .

========================================================================
Received Import Request.
  Time since last request: 0.023852 seconds.
  path: Assets/Scripts/Player/Player_controll.cs
  artifactKey: Guid(cf4961cb5f89ad744b6060496668af16) Importer(815301076,1909f56bfc062723c751e8b465ee728b)
Start importing Assets/Scripts/Player/Player_controll.cs using Guid(cf4961cb5f89ad744b6060496668af16) Importer(815301076,1909f56bfc062723c751e8b465ee728b)  -> (artifact id: '00000000000000000000000000000000') in 0.000274 seconds  code(4) message(Build asset version error: assets/scripts/player/player_controll.cs in SourceAssetDB has modification time of '2021-08-26T09:09:11.8916624Z' while content on disk has modification time of '2021-08-26T09:09:16.3149154Z')
  ERROR: Build asset version error: assets/scripts/player/player_controll.cs in SourceAssetDB has modification time of '2021-08-26T09:09:11.8916624Z' while content on disk has modification time of '2021-08-26T09:09:16.3149154Z'
  Import took 0.004076 seconds .

========================================================================
Received Import Request.
  Time since last request: 0.027670 seconds.
  path: Assets/Scripts/Player/Player_controll.cs
  artifactKey: Guid(cf4961cb5f89ad744b6060496668af16) Importer(815301076,1909f56bfc062723c751e8b465ee728b)
Start importing Assets/Scripts/Player/Player_controll.cs using Guid(cf4961cb5f89ad744b6060496668af16) Importer(815301076,1909f56bfc062723c751e8b465ee728b)  -> (artifact id: '00000000000000000000000000000000') in 0.000459 seconds  code(4) message(Build asset version error: assets/scripts/player/player_controll.cs in SourceAssetDB has modification time of '2021-08-26T09:09:11.8916624Z' while content on disk has modification time of '2021-08-26T09:09:16.3149154Z')
  ERROR: Build asset version error: assets/scripts/player/player_controll.cs in SourceAssetDB has modification time of '2021-08-26T09:09:11.8916624Z' while content on disk has modification time of '2021-08-26T09:09:16.3149154Z'
  Import took 0.004415 seconds .

========================================================================
Received Import Request.
  Time since last request: 0.025640 seconds.
  path: Assets/Scripts/Player/Player_controll.cs
  artifactKey: Guid(cf4961cb5f89ad744b6060496668af16) Importer(815301076,1909f56bfc062723c751e8b465ee728b)
Start importing Assets/Scripts/Player/Player_controll.cs using Guid(cf4961cb5f89ad744b6060496668af16) Importer(815301076,1909f56bfc062723c751e8b465ee728b)  -> (artifact id: '00000000000000000000000000000000') in 0.000275 seconds  code(4) message(Build asset version error: assets/scripts/player/player_controll.cs in SourceAssetDB has modification time of '2021-08-26T09:09:11.8916624Z' while content on disk has modification time of '2021-08-26T09:09:20.2351396Z')
  ERROR: Build asset version error: assets/scripts/player/player_controll.cs in SourceAssetDB has modification time of '2021-08-26T09:09:11.8916624Z' while content on disk has modification time of '2021-08-26T09:09:20.2351396Z'
  Import took 0.003973 seconds .

========================================================================
Received Import Request.
  Time since last request: 0.117942 seconds.
  path: Assets/Scripts/Player/Player_controll.cs
  artifactKey: Guid(cf4961cb5f89ad744b6060496668af16) Importer(815301076,1909f56bfc062723c751e8b465ee728b)
Start importing Assets/Scripts/Player/Player_controll.cs using Guid(cf4961cb5f89ad744b6060496668af16) Importer(815301076,1909f56bfc062723c751e8b465ee728b)  -> (artifact id: '7f1e822a7bfbc0476229d52cc75f090e') in 0.004562 seconds 
  Import took 0.008542 seconds .

========================================================================
Received Prepare
Registering precompiled user dll's ...
Registered in 0.004232 seconds.
Begin MonoManager ReloadAssembly
Native extension for WindowsStandalone target not found
Refreshing native plugins compatible for Editor in 0.90 ms, found 2 plugins.
Preloading 0 native plugins for Editor in 0.00 ms.
Mono: successfully reloaded assembly
- Completed reload, in  1.381 seconds
Domain Reload Profiling:
	ReloadAssembly (1381ms)
		BeginReloadAssembly (127ms)
			ExecutionOrderSort (0ms)
			DisableScriptedObjects (15ms)
			BackupInstance (0ms)
			ReleaseScriptingObjects (0ms)
			CreateAndSetChildDomain (32ms)
		EndReloadAssembly (1181ms)
			LoadAssemblies (108ms)
			RebuildTransferFunctionScriptingTraits (0ms)
			SetupTypeCache (350ms)
			ReleaseScriptCaches (1ms)
			RebuildScriptCaches (62ms)
			SetupLoadedEditorAssemblies (527ms)
				LogAssemblyErrors (0ms)
				InitializePlatformSupportModulesInManaged (6ms)
				SetLoadedEditorAssemblies (1ms)
				RefreshPlugins (1ms)
				BeforeProcessingInitializeOnLoad (95ms)
				ProcessInitializeOnLoadAttributes (378ms)
				ProcessInitializeOnLoadMethodAttributes (42ms)
				AfterProcessingInitializeOnLoad (5ms)
				EditorAssembliesLoaded (0ms)
			ExecutionOrderSort2 (0ms)
			AwakeInstancesAfterBackupRestoration (9ms)
Platform modules already initialized, skipping
Switching build target platform(19) subTarget(0) extendedPlatform(0) -> platform(13) subTarget(589824) extendedPlatform(0)
Refreshing native plugins compatible for Editor in 0.87 ms, found 2 plugins.
Preloading 0 native plugins for Editor in 0.00 ms.
Unloading 2022 Unused Serialized files (Serialized files now loaded: 0)
System memory in use before: 95.7 MB.
System memory in use after: 95.8 MB.

Unloading 49 unused Assets to reduce memory usage. Loaded Objects now: 2465.
Total: 7.302069 ms (FindLiveObjects: 0.177583 ms CreateObjectMapping: 0.076818 ms MarkObjects: 6.999462 ms  DeleteObjects: 0.046340 ms)

AssetImportParameters requested are different than current active one (requested -> active):
  custom:framework-win-MediaFoundation: 216162199b28c13a410421893ffa2e32 -> 
  custom:video-decoder-ogg-theora: a1e56fd34408186e4bbccfd4996cb3dc -> 
  custom:container-muxer-webm: aa71ff27fc2769a1b78a27578f13a17b -> 
  custom:container-demuxer-webm: 4f35f7cbe854078d1ac9338744f61a02 -> 
  custom:container-demuxer-ogg: 62fdf1f143b41e24485cea50d1cbac27 -> 
  custom:video-encoder-webm-vp8: eb34c28f22e8b96e1ab97ce403110664 -> 
  custom:video-decoder-webm-vp8: 9c59270c3fd7afecdb556c50c9e8de78 -> 
  custom:graphics/normal-map-encoding: 01000000000000000000000000000000 -> 02000000000000000000000000000000
  custom:audio-decoder-ogg-vorbis: bf7c407c2cedff20999df2af8eb42d56 -> 
  custom:audio-encoder-webm-vorbis: bf7c407c2cedff20999df2af8eb42d56 -> 
========================================================================
Received Import Request.
  Time since last request: 38.187540 seconds.
  path: Assets/Scripts/Player/Player_controll.cs
  artifactKey: Guid(cf4961cb5f89ad744b6060496668af16) Importer(815301076,1909f56bfc062723c751e8b465ee728b)
Start importing Assets/Scripts/Player/Player_controll.cs using Guid(cf4961cb5f89ad744b6060496668af16) Importer(815301076,1909f56bfc062723c751e8b465ee728b)  -> (artifact id: 'c8d76141428a925164cf0eb764f2037a') in 0.006830 seconds 
  Import took 0.010940 seconds .

========================================================================
Received Prepare
Registering precompiled user dll's ...
Registered in 0.004200 seconds.
Begin MonoManager ReloadAssembly
Native extension for WindowsStandalone target not found
Refreshing native plugins compatible for Editor in 0.90 ms, found 2 plugins.
Preloading 0 native plugins for Editor in 0.00 ms.
Mono: successfully reloaded assembly
- Completed reload, in  1.502 seconds
Domain Reload Profiling:
	ReloadAssembly (1503ms)
		BeginReloadAssembly (119ms)
			ExecutionOrderSort (0ms)
			DisableScriptedObjects (8ms)
			BackupInstance (0ms)
			ReleaseScriptingObjects (0ms)
			CreateAndSetChildDomain (33ms)
		EndReloadAssembly (1308ms)
			LoadAssemblies (111ms)
			RebuildTransferFunctionScriptingTraits (0ms)
			SetupTypeCache (364ms)
			ReleaseScriptCaches (1ms)
			RebuildScriptCaches (59ms)
			SetupLoadedEditorAssemblies (631ms)
				LogAssemblyErrors (0ms)
				InitializePlatformSupportModulesInManaged (6ms)
				SetLoadedEditorAssemblies (1ms)
				RefreshPlugins (1ms)
				BeforeProcessingInitializeOnLoad (116ms)
				ProcessInitializeOnLoadAttributes (457ms)
				ProcessInitializeOnLoadMethodAttributes (44ms)
				AfterProcessingInitializeOnLoad (5ms)
				EditorAssembliesLoaded (0ms)
			ExecutionOrderSort2 (0ms)
			AwakeInstancesAfterBackupRestoration (10ms)
Platform modules already initialized, skipping
Switching build target platform(19) subTarget(0) extendedPlatform(0) -> platform(13) subTarget(589824) extendedPlatform(0)
Refreshing native plugins compatible for Editor in 0.88 ms, found 2 plugins.
Preloading 0 native plugins for Editor in 0.00 ms.
Unloading 2022 Unused Serialized files (Serialized files now loaded: 0)
System memory in use before: 95.7 MB.
System memory in use after: 95.9 MB.

Unloading 49 unused Assets to reduce memory usage. Loaded Objects now: 2467.
Total: 7.482452 ms (FindLiveObjects: 0.195622 ms CreateObjectMapping: 0.083038 ms MarkObjects: 7.156519 ms  DeleteObjects: 0.045718 ms)

AssetImportParameters requested are different than current active one (requested -> active):
  custom:framework-win-MediaFoundation: 216162199b28c13a410421893ffa2e32 -> 
  custom:video-decoder-ogg-theora: a1e56fd34408186e4bbccfd4996cb3dc -> 
  custom:container-muxer-webm: aa71ff27fc2769a1b78a27578f13a17b -> 
  custom:container-demuxer-webm: 4f35f7cbe854078d1ac9338744f61a02 -> 
  custom:container-demuxer-ogg: 62fdf1f143b41e24485cea50d1cbac27 -> 
  custom:video-encoder-webm-vp8: eb34c28f22e8b96e1ab97ce403110664 -> 
  custom:video-decoder-webm-vp8: 9c59270c3fd7afecdb556c50c9e8de78 -> 
  custom:graphics/normal-map-encoding: 01000000000000000000000000000000 -> 02000000000000000000000000000000
  custom:audio-decoder-ogg-vorbis: bf7c407c2cedff20999df2af8eb42d56 -> 
  custom:audio-encoder-webm-vorbis: bf7c407c2cedff20999df2af8eb42d56 -> 
========================================================================
Received Prepare
Registering precompiled user dll's ...
Registered in 0.004969 seconds.
Begin MonoManager ReloadAssembly
Native extension for WindowsStandalone target not found
Refreshing native plugins compatible for Editor in 0.91 ms, found 2 plugins.
Preloading 0 native plugins for Editor in 0.00 ms.
Mono: successfully reloaded assembly
- Completed reload, in  1.471 seconds
Domain Reload Profiling:
	ReloadAssembly (1472ms)
		BeginReloadAssembly (117ms)
			ExecutionOrderSort (0ms)
			DisableScriptedObjects (8ms)
			BackupInstance (0ms)
			ReleaseScriptingObjects (0ms)
			CreateAndSetChildDomain (31ms)
		EndReloadAssembly (1280ms)
			LoadAssemblies (112ms)
			RebuildTransferFunctionScriptingTraits (0ms)
			SetupTypeCache (368ms)
			ReleaseScriptCaches (1ms)
			RebuildScriptCaches (53ms)
			SetupLoadedEditorAssemblies (598ms)
				LogAssemblyErrors (0ms)
				InitializePlatformSupportModulesInManaged (6ms)
				SetLoadedEditorAssemblies (1ms)
				RefreshPlugins (1ms)
				BeforeProcessingInitializeOnLoad (109ms)
				ProcessInitializeOnLoadAttributes (428ms)
				ProcessInitializeOnLoadMethodAttributes (47ms)
				AfterProcessingInitializeOnLoad (5ms)
				EditorAssembliesLoaded (0ms)
			ExecutionOrderSort2 (0ms)
			AwakeInstancesAfterBackupRestoration (9ms)
Platform modules already initialized, skipping
Switching build target platform(19) subTarget(0) extendedPlatform(0) -> platform(13) subTarget(589824) extendedPlatform(0)
Refreshing native plugins compatible for Editor in 0.88 ms, found 2 plugins.
Preloading 0 native plugins for Editor in 0.00 ms.
Unloading 2022 Unused Serialized files (Serialized files now loaded: 0)
System memory in use before: 95.8 MB.
System memory in use after: 95.9 MB.

Unloading 49 unused Assets to reduce memory usage. Loaded Objects now: 2469.
Total: 7.677762 ms (FindLiveObjects: 0.181315 ms CreateObjectMapping: 0.078373 ms MarkObjects: 7.382930 ms  DeleteObjects: 0.033588 ms)

AssetImportParameters requested are different than current active one (requested -> active):
  custom:framework-win-MediaFoundation: 216162199b28c13a410421893ffa2e32 -> 
  custom:video-decoder-ogg-theora: a1e56fd34408186e4bbccfd4996cb3dc -> 
  custom:container-muxer-webm: aa71ff27fc2769a1b78a27578f13a17b -> 
  custom:container-demuxer-webm: 4f35f7cbe854078d1ac9338744f61a02 -> 
  custom:container-demuxer-ogg: 62fdf1f143b41e24485cea50d1cbac27 -> 
  custom:video-encoder-webm-vp8: eb34c28f22e8b96e1ab97ce403110664 -> 
  custom:video-decoder-webm-vp8: 9c59270c3fd7afecdb556c50c9e8de78 -> 
  custom:graphics/normal-map-encoding: 01000000000000000000000000000000 -> 02000000000000000000000000000000
  custom:audio-decoder-ogg-vorbis: bf7c407c2cedff20999df2af8eb42d56 -> 
  custom:audio-encoder-webm-vorbis: bf7c407c2cedff20999df2af8eb42d56 -> 
========================================================================
Received Import Request.
  Time since last request: 134.721134 seconds.
  path: Assets/mesh/mat/stena_mat 0.mat
  artifactKey: Guid(b175b539e299bbc49b042a5d4ff85a31) Importer(815301076,1909f56bfc062723c751e8b465ee728b)
Start importing Assets/mesh/mat/stena_mat 0.mat using Guid(b175b539e299bbc49b042a5d4ff85a31) Importer(815301076,1909f56bfc062723c751e8b465ee728b)  -> (artifact id: '6c709df8c3eb4a3dcd0eb7487aaf119c') in 0.266458 seconds 
  Import took 0.270626 seconds .

========================================================================
Received Import Request.
  Time since last request: 0.000332 seconds.
  path: Assets/mesh/mat/stena_mat 22.mat
  artifactKey: Guid(6e9814bf257b98c47a3a1e1e98687453) Importer(815301076,1909f56bfc062723c751e8b465ee728b)
Start importing Assets/mesh/mat/stena_mat 22.mat using Guid(6e9814bf257b98c47a3a1e1e98687453) Importer(815301076,1909f56bfc062723c751e8b465ee728b)  -> (artifact id: '96da07c72f76182a4ec8b378c7e36ce7') in 0.070020 seconds 
  Import took 0.073814 seconds .

========================================================================
Received Import Request.
  Time since last request: 0.000295 seconds.
  path: Assets/mesh/mat/stena_mat 17.mat
  artifactKey: Guid(46c8f3b370663154c9040e59eb62ef9e) Importer(815301076,1909f56bfc062723c751e8b465ee728b)
Start importing Assets/mesh/mat/stena_mat 17.mat using Guid(46c8f3b370663154c9040e59eb62ef9e) Importer(815301076,1909f56bfc062723c751e8b465ee728b)  -> (artifact id: '32dabcebe63d750ff7ca0248333921e6') in 0.051539 seconds 
  Import took 0.055470 seconds .

========================================================================
Received Import Request.
  Time since last request: 0.000316 seconds.
  path: Assets/mesh/mat/stena_mat 23.mat
  artifactKey: Guid(61b02d7877e320b48b13222a772a2c4a) Importer(815301076,1909f56bfc062723c751e8b465ee728b)
Start importing Assets/mesh/mat/stena_mat 23.mat using Guid(61b02d7877e320b48b13222a772a2c4a) Importer(815301076,1909f56bfc062723c751e8b465ee728b)  -> (artifact id: 'd2993fdada2b2984d9916611d4c87f62') in 0.099962 seconds 
  Import took 0.103777 seconds .

========================================================================
Received Import Request.
  Time since last request: 0.000281 seconds.
  path: Assets/mesh/mat/stena_mat 25.mat
  artifactKey: Guid(23c2d007c529de644887263b08e170df) Importer(815301076,1909f56bfc062723c751e8b465ee728b)
Start importing Assets/mesh/mat/stena_mat 25.mat using Guid(23c2d007c529de644887263b08e170df) Importer(815301076,1909f56bfc062723c751e8b465ee728b)  -> (artifact id: 'a818fcab89939210f24f39a772b8477d') in 0.127274 seconds 
  Import took 0.131019 seconds .

========================================================================
Received Import Request.
  Time since last request: 0.000314 seconds.
  path: Assets/mesh/prefab/terrorist_2.prefab
  artifactKey: Guid(a9e2e5c53fcb98b48877d3411affeda9) Importer(815301076,1909f56bfc062723c751e8b465ee728b)
Start importing Assets/mesh/prefab/terrorist_2.prefab using Guid(a9e2e5c53fcb98b48877d3411affeda9) Importer(815301076,1909f56bfc062723c751e8b465ee728b)  -> (artifact id: 'a67330c73695683dad15a7eb50f9f253') in 0.283999 seconds 
  Import took 0.288162 seconds .

========================================================================
Received Import Request.
  Time since last request: 0.000244 seconds.
  path: Assets/mesh/prefab/esh.prefab
  artifactKey: Guid(f6442b3a9b78aab41bfe58669f8f441e) Importer(815301076,1909f56bfc062723c751e8b465ee728b)
Start importing Assets/mesh/prefab/esh.prefab using Guid(f6442b3a9b78aab41bfe58669f8f441e) Importer(815301076,1909f56bfc062723c751e8b465ee728b)  -> (artifact id: '10cffcf3050a2930ffdc4fbdbc1b2945') in 0.122424 seconds 
  Import took 0.126185 seconds .

========================================================================
Received Import Request.
  Time since last request: 0.000275 seconds.
  path: Assets/mesh/prefab/coin.prefab
  artifactKey: Guid(b31fbc6cda8a0c240873cb548ffe9cdf) Importer(815301076,1909f56bfc062723c751e8b465ee728b)
Start importing Assets/mesh/prefab/coin.prefab using Guid(b31fbc6cda8a0c240873cb548ffe9cdf) Importer(815301076,1909f56bfc062723c751e8b465ee728b)  -> (artifact id: '86b4f753e3f0b2012039423bd56ec699') in 0.032246 seconds 
  Import took 0.036456 seconds .

========================================================================
Received Import Request.
  Time since last request: 0.000356 seconds.
  path: Assets/mesh/prefab/tankT6.prefab
  artifactKey: Guid(4a761fcc224465e41bc25b8e8bc40de3) Importer(815301076,1909f56bfc062723c751e8b465ee728b)
Start importing Assets/mesh/prefab/tankT6.prefab using Guid(4a761fcc224465e41bc25b8e8bc40de3) Importer(815301076,1909f56bfc062723c751e8b465ee728b)  -> (artifact id: '2608531b92fd5cd4e09ba0d8dbe674ca') in 0.156706 seconds 
  Import took 0.160765 seconds .

========================================================================
Received Import Request.
  Time since last request: 0.000310 seconds.
  path: Assets/mesh/prefab/t10.prefab
  artifactKey: Guid(5fa0408892b93ae4baa7321ad3022cd8) Importer(815301076,1909f56bfc062723c751e8b465ee728b)
Start importing Assets/mesh/prefab/t10.prefab using Guid(5fa0408892b93ae4baa7321ad3022cd8) Importer(815301076,1909f56bfc062723c751e8b465ee728b)  -> (artifact id: 'c71c1d457a333602eb3970868744979b') in 0.478340 seconds 
  Import took 0.482856 seconds .

========================================================================
Received Import Request.
  Time since last request: 0.000305 seconds.
  path: Assets/mesh/prefab/bridge.prefab
  artifactKey: Guid(9ec08fcb27324c9499ba98c2fb771b37) Importer(815301076,1909f56bfc062723c751e8b465ee728b)
Start importing Assets/mesh/prefab/bridge.prefab using Guid(9ec08fcb27324c9499ba98c2fb771b37) Importer(815301076,1909f56bfc062723c751e8b465ee728b)  -> (artifact id: 'e0407a849274bf642234fa5411c7d695') in 0.145223 seconds 
  Import took 0.149013 seconds .

========================================================================
Received Import Request.
  Time since last request: 0.000315 seconds.
  path: Assets/mesh/mat/stena_mat 26.mat
  artifactKey: Guid(2a7a6e8b8aeda2c44bc364c91674a04c) Importer(815301076,1909f56bfc062723c751e8b465ee728b)
Start importing Assets/mesh/mat/stena_mat 26.mat using Guid(2a7a6e8b8aeda2c44bc364c91674a04c) Importer(815301076,1909f56bfc062723c751e8b465ee728b)  -> (artifact id: 'f81b78c1496b681bf0cf4575e78cd050') in 0.189138 seconds 
  Import took 0.193239 seconds .

========================================================================
Received Import Request.
  Time since last request: 0.000277 seconds.
  path: Assets/mesh/mat/stena_mat 6.mat
  artifactKey: Guid(80bc7639a9e9c8846a78f497375fe847) Importer(815301076,1909f56bfc062723c751e8b465ee728b)
Start importing Assets/mesh/mat/stena_mat 6.mat using Guid(80bc7639a9e9c8846a78f497375fe847) Importer(815301076,1909f56bfc062723c751e8b465ee728b)  -> (artifact id: 'a6a62298ce4928a4ad263ae2b45a3325') in 0.124233 seconds 
  Import took 0.128460 seconds .

========================================================================
Received Import Request.
  Time since last request: 0.000328 seconds.
  path: Assets/mesh/prefab/container.prefab
  artifactKey: Guid(3353774aa52d1114fad0534f16c39a97) Importer(815301076,1909f56bfc062723c751e8b465ee728b)
Start importing Assets/mesh/prefab/container.prefab using Guid(3353774aa52d1114fad0534f16c39a97) Importer(815301076,1909f56bfc062723c751e8b465ee728b)  -> (artifact id: 'e265f0ca5a0d1559c673b29389a1e81b') in 0.126788 seconds 
  Import took 0.130670 seconds .

========================================================================
Received Import Request.
  Time since last request: 0.000287 seconds.
  path: Assets/mesh/prefab/barrel.prefab
  artifactKey: Guid(05f00b45c6adfed4288250c55aef8277) Importer(815301076,1909f56bfc062723c751e8b465ee728b)
Start importing Assets/mesh/prefab/barrel.prefab using Guid(05f00b45c6adfed4288250c55aef8277) Importer(815301076,1909f56bfc062723c751e8b465ee728b)  -> (artifact id: 'a88963c5bd8ee1a242531d9d42fe946e') in 0.129181 seconds 
  Import took 0.133223 seconds .

========================================================================
Received Import Request.
  Time since last request: 0.000324 seconds.
  path: Assets/mesh/prefab/road_closed.prefab
  artifactKey: Guid(956b68b47c850e94ebfe6d547f4ab84b) Importer(815301076,1909f56bfc062723c751e8b465ee728b)
Start importing Assets/mesh/prefab/road_closed.prefab using Guid(956b68b47c850e94ebfe6d547f4ab84b) Importer(815301076,1909f56bfc062723c751e8b465ee728b)  -> (artifact id: '8d0f2b96d9e1ec191411c82eafebb900') in 0.188451 seconds 
  Import took 0.192967 seconds .

========================================================================
Received Import Request.
  Time since last request: 0.000240 seconds.
  path: Assets/mesh/prefab/barrel.prefab
  artifactKey: Guid(05f00b45c6adfed4288250c55aef8277) Importer(815301076,1909f56bfc062723c751e8b465ee728b)
Start importing Assets/mesh/prefab/barrel.prefab using Guid(05f00b45c6adfed4288250c55aef8277) Importer(815301076,1909f56bfc062723c751e8b465ee728b)  -> (artifact id: 'a88963c5bd8ee1a242531d9d42fe946e') in 0.126684 seconds 
  Import took 0.130920 seconds .

========================================================================
Received Import Request.
  Time since last request: 0.000324 seconds.
  path: Assets/mesh/mat/stena_mat 16.mat
  artifactKey: Guid(93def725e317a8445bc8a1ce44d368a4) Importer(815301076,1909f56bfc062723c751e8b465ee728b)
Start importing Assets/mesh/mat/stena_mat 16.mat using Guid(93def725e317a8445bc8a1ce44d368a4) Importer(815301076,1909f56bfc062723c751e8b465ee728b)  -> (artifact id: '064ecade5167348591dbbd52cf470cea') in 0.008985 seconds 
  Import took 0.013125 seconds .

========================================================================
Received Import Request.
  Time since last request: 0.000250 seconds.
  path: Assets/mesh/prefab/terrorist.prefab
  artifactKey: Guid(cb5916fb2fb4ece46a5af503b4a3e31a) Importer(815301076,1909f56bfc062723c751e8b465ee728b)
Start importing Assets/mesh/prefab/terrorist.prefab using Guid(cb5916fb2fb4ece46a5af503b4a3e31a) Importer(815301076,1909f56bfc062723c751e8b465ee728b)  -> (artifact id: 'cb563d56c0c1b05bcdaaa2d29a2dfc02') in 0.128733 seconds 
  Import took 0.133208 seconds .

========================================================================
Received Import Request.
  Time since last request: 0.000272 seconds.
  path: Assets/mesh/mat/stena_mat 3.mat
  artifactKey: Guid(9f1d583852de89d49842ba6430950a40) Importer(815301076,1909f56bfc062723c751e8b465ee728b)
Start importing Assets/mesh/mat/stena_mat 3.mat using Guid(9f1d583852de89d49842ba6430950a40) Importer(815301076,1909f56bfc062723c751e8b465ee728b)  -> (artifact id: 'ee1b14c6e46d56c6b221a1cc8e2b9074') in 0.127661 seconds 
  Import took 0.131768 seconds .

========================================================================
Received Import Request.
  Time since last request: 0.000288 seconds.
  path: Assets/mesh/mat/stena_mat 8.mat
  artifactKey: Guid(1086fcbe65ee26c43a22152c1e4004f4) Importer(815301076,1909f56bfc062723c751e8b465ee728b)
Start importing Assets/mesh/mat/stena_mat 8.mat using Guid(1086fcbe65ee26c43a22152c1e4004f4) Importer(815301076,1909f56bfc062723c751e8b465ee728b)  -> (artifact id: '93af7d5cc2a97f2e42af4a363fa7967b') in 0.019388 seconds 
  Import took 0.023489 seconds .

========================================================================
Received Import Request.
  Time since last request: 0.000281 seconds.
  path: Assets/mesh/mat/stena_mat 19.mat
  artifactKey: Guid(dfc34adb4c2dfc143af7c339e04086f0) Importer(815301076,1909f56bfc062723c751e8b465ee728b)
Start importing Assets/mesh/mat/stena_mat 19.mat using Guid(dfc34adb4c2dfc143af7c339e04086f0) Importer(815301076,1909f56bfc062723c751e8b465ee728b)  -> (artifact id: '6253a70bdc3c8007a671b0a7b548d622') in 0.067520 seconds 
  Import took 0.071560 seconds .

========================================================================
Received Import Request.
  Time since last request: 0.000237 seconds.
  path: Assets/mesh/mat/stena_mat 24.mat
  artifactKey: Guid(55d710ee1e834bd4a9ed94467933a0a7) Importer(815301076,1909f56bfc062723c751e8b465ee728b)
Start importing Assets/mesh/mat/stena_mat 24.mat using Guid(55d710ee1e834bd4a9ed94467933a0a7) Importer(815301076,1909f56bfc062723c751e8b465ee728b)  -> (artifact id: '345e4f111b3924c7823b7fb79fdaf803') in 0.125544 seconds 
  Import took 0.129356 seconds .

========================================================================
Received Import Request.
  Time since last request: 0.000313 seconds.
  path: Assets/mesh/mat/stena_mat 2.mat
  artifactKey: Guid(837383a863c1691498d36350490902ef) Importer(815301076,1909f56bfc062723c751e8b465ee728b)
Start importing Assets/mesh/mat/stena_mat 2.mat using Guid(837383a863c1691498d36350490902ef) Importer(815301076,1909f56bfc062723c751e8b465ee728b)  -> (artifact id: 'c4772201f11cf0c3ae80bb3a253e65e0') in 0.123571 seconds 
  Import took 0.128379 seconds .

========================================================================
Received Import Request.
  Time since last request: 0.000274 seconds.
  path: Assets/mesh/mat/stena_mat 21.mat
  artifactKey: Guid(ca319e5da7c8980488cda4a28960631d) Importer(815301076,1909f56bfc062723c751e8b465ee728b)
Start importing Assets/mesh/mat/stena_mat 21.mat using Guid(ca319e5da7c8980488cda4a28960631d) Importer(815301076,1909f56bfc062723c751e8b465ee728b)  -> (artifact id: '6a166e1c9ffdfe669994ea6ab34b3590') in 0.361499 seconds 
  Import took 0.367572 seconds .

========================================================================
Received Import Request.
  Time since last request: 0.000301 seconds.
  path: Assets/mesh/mat/stena_mat 10.mat
  artifactKey: Guid(cced1debd8aee224e8f8b82a8d64f8c4) Importer(815301076,1909f56bfc062723c751e8b465ee728b)
Start importing Assets/mesh/mat/stena_mat 10.mat using Guid(cced1debd8aee224e8f8b82a8d64f8c4) Importer(815301076,1909f56bfc062723c751e8b465ee728b)  -> (artifact id: '219e5a6ace377703953fdb561fdd7c6d') in 0.126979 seconds 
  Import took 0.131067 seconds .

========================================================================
Received Import Request.
  Time since last request: 0.000266 seconds.
  path: Assets/mesh/mat/stena_mat 4.mat
  artifactKey: Guid(a5b4888e962495d42a5c091b40e4dd64) Importer(815301076,1909f56bfc062723c751e8b465ee728b)
Start importing Assets/mesh/mat/stena_mat 4.mat using Guid(a5b4888e962495d42a5c091b40e4dd64) Importer(815301076,1909f56bfc062723c751e8b465ee728b)  -> (artifact id: '024fa775f16c9b4eb45fb23c0e114872') in 0.127868 seconds 
  Import took 0.131560 seconds .

========================================================================
Received Import Request.
  Time since last request: 0.000288 seconds.
  path: Assets/mesh/mat/stena_mat 5.mat
  artifactKey: Guid(4ef27536dbe2af045b5dd74e0f10615f) Importer(815301076,1909f56bfc062723c751e8b465ee728b)
Start importing Assets/mesh/mat/stena_mat 5.mat using Guid(4ef27536dbe2af045b5dd74e0f10615f) Importer(815301076,1909f56bfc062723c751e8b465ee728b)  -> (artifact id: '2c5341fdfe7ff5210399a8946ae15821') in 0.124555 seconds 
  Import took 0.128366 seconds .

========================================================================
Received Import Request.
  Time since last request: 0.000288 seconds.
  path: Assets/mesh/mat/stena_mat 15.mat
  artifactKey: Guid(f5b5a57f4255f7f4fb28f18b8932ffc9) Importer(815301076,1909f56bfc062723c751e8b465ee728b)
Start importing Assets/mesh/mat/stena_mat 15.mat using Guid(f5b5a57f4255f7f4fb28f18b8932ffc9) Importer(815301076,1909f56bfc062723c751e8b465ee728b)  -> (artifact id: '61ba0b3a904facc3e031195fd5ee36d4') in 0.125664 seconds 
  Import took 0.129413 seconds .

========================================================================
Received Import Request.
  Time since last request: 0.000275 seconds.
  path: Assets/mesh/mat/stena_mat 1.mat
  artifactKey: Guid(27a5f193432bbee4a971a3e4cf7e3c6c) Importer(815301076,1909f56bfc062723c751e8b465ee728b)
Start importing Assets/mesh/mat/stena_mat 1.mat using Guid(27a5f193432bbee4a971a3e4cf7e3c6c) Importer(815301076,1909f56bfc062723c751e8b465ee728b)  -> (artifact id: '7de00eb306aa7f5b9241c75319c9d967') in 0.123044 seconds 
  Import took 0.126807 seconds .

========================================================================
Received Import Request.
  Time since last request: 0.000281 seconds.
  path: Assets/mesh/mat/stena_mat 9.mat
  artifactKey: Guid(41cb659cadce8b9438dc507fbb19a87e) Importer(815301076,1909f56bfc062723c751e8b465ee728b)
Start importing Assets/mesh/mat/stena_mat 9.mat using Guid(41cb659cadce8b9438dc507fbb19a87e) Importer(815301076,1909f56bfc062723c751e8b465ee728b)  -> (artifact id: 'f1a6e34dd7ab4fffb1e91ce85cc3a95f') in 0.018022 seconds 
  Import took 0.022062 seconds .

========================================================================
Received Import Request.
  Time since last request: 0.000293 seconds.
  path: Assets/mesh/prefab/cone1.prefab
  artifactKey: Guid(f675a34122f8d5744bded9927a611d10) Importer(815301076,1909f56bfc062723c751e8b465ee728b)
Start importing Assets/mesh/prefab/cone1.prefab using Guid(f675a34122f8d5744bded9927a611d10) Importer(815301076,1909f56bfc062723c751e8b465ee728b)  -> (artifact id: '03571302c733631ddc5eed4e9a751088') in 0.019334 seconds 
  Import took 0.023711 seconds .

========================================================================
Received Import Request.
  Time since last request: 0.000254 seconds.
  path: Assets/mesh/mat/stena_mat 20.mat
  artifactKey: Guid(0c97275f140b36146ad411acab9d5730) Importer(815301076,1909f56bfc062723c751e8b465ee728b)
Start importing Assets/mesh/mat/stena_mat 20.mat using Guid(0c97275f140b36146ad411acab9d5730) Importer(815301076,1909f56bfc062723c751e8b465ee728b)  -> (artifact id: '345f85f6453e83020ccc603cc14489a3') in 0.130466 seconds 
  Import took 0.135114 seconds .

========================================================================
Received Import Request.
  Time since last request: 0.000277 seconds.
  path: Assets/mesh/mat/stena_mat 18.mat
  artifactKey: Guid(65ec67cb529465349b3589cb77614bbe) Importer(815301076,1909f56bfc062723c751e8b465ee728b)
Start importing Assets/mesh/mat/stena_mat 18.mat using Guid(65ec67cb529465349b3589cb77614bbe) Importer(815301076,1909f56bfc062723c751e8b465ee728b)  -> (artifact id: '49d04e6a31a2feb3fde61a08f0a20457') in 0.050281 seconds 
  Import took 0.054933 seconds .

AssetImportWorkerClient::OnTransportError - code=2 error=End of file
